[2022-11-01 13:58:56,955][lightning][INFO] - successful load initial weights
[2022-11-01 13:58:58,836][lightning][INFO] - reference : джой хватит
[2022-11-01 13:58:58,836][lightning][INFO] - prediction: 
[2022-11-01 13:58:58,912][lightning][INFO] - reference : джой надоел
[2022-11-01 13:58:58,912][lightning][INFO] - prediction: л
[2022-11-01 13:58:59,123][lightning][INFO] - reference : салют приложение сверни
[2022-11-01 13:58:59,123][lightning][INFO] - prediction: 
[2022-11-01 13:58:59,214][lightning][INFO] - reference : сбер набери ковалева
[2022-11-01 13:58:59,214][lightning][INFO] - prediction: 
[2022-11-01 13:58:59,391][lightning][INFO] - reference : салют набери сергея
[2022-11-01 13:58:59,392][lightning][INFO] - prediction: 
[2022-11-01 13:58:59,471][lightning][INFO] - reference : джой продолжить
[2022-11-01 13:58:59,472][lightning][INFO] - prediction: 
[2022-11-01 13:58:59,668][lightning][INFO] - reference : афина вызов кире нуруллину
[2022-11-01 13:58:59,668][lightning][INFO] - prediction: 
[2022-11-01 13:58:59,749][lightning][INFO] - reference : сбер вызов валерону
[2022-11-01 13:58:59,749][lightning][INFO] - prediction: т
[2022-11-01 13:58:59,898][lightning][INFO] - reference : афина скрой приложение
[2022-11-01 13:58:59,899][lightning][INFO] - prediction: 
[2022-11-01 13:59:00,091][lightning][INFO] - reference : сбер случайный трек
[2022-11-01 13:59:00,091][lightning][INFO] - prediction: 
[2022-11-01 13:59:00,439][lightning][INFO] - reference : салют кто лучше играет месси или роналду
[2022-11-01 13:59:00,439][lightning][INFO] - prediction: 
[2022-11-01 13:59:00,613][lightning][INFO] - reference : эбби хэтчер
[2022-11-01 13:59:00,613][lightning][INFO] - prediction: 
[2022-11-01 13:59:00,781][lightning][INFO] - reference : зачем нужны фразеологизмы если они никому не понятны
[2022-11-01 13:59:00,781][lightning][INFO] - prediction: т
[2022-11-01 13:59:01,010][lightning][INFO] - reference : что такое перспектива
[2022-11-01 13:59:01,010][lightning][INFO] - prediction: а
[2022-11-01 13:59:01,111][lightning][INFO] - reference : салют поставь явь
[2022-11-01 13:59:01,111][lightning][INFO] - prediction: 
[2022-11-01 13:59:01,183][lightning][INFO] - reference : сбер перезвони шарипову
[2022-11-01 13:59:01,183][lightning][INFO] - prediction: т
[2022-11-01 13:59:01,374][lightning][INFO] - reference : афина предыдущая
[2022-11-01 13:59:01,374][lightning][INFO] - prediction: т
[2022-11-01 13:59:01,550][lightning][INFO] - reference : салют следующий трек
[2022-11-01 13:59:01,550][lightning][INFO] - prediction: 
[2022-11-01 13:59:01,631][lightning][INFO] - reference : джой набери склярову
[2022-11-01 13:59:01,631][lightning][INFO] - prediction: т
[2022-11-01 13:59:01,755][lightning][INFO] - reference : афина завершить навык
[2022-11-01 13:59:01,755][lightning][INFO] - prediction: т
[2022-11-01 13:59:02,023][lightning][INFO] - reference : салют дизлайк
[2022-11-01 13:59:02,023][lightning][INFO] - prediction: 
[2022-11-01 13:59:02,327][lightning][INFO] - reference : афина здравствуйте помогите подключить быстрый платеж
[2022-11-01 13:59:02,327][lightning][INFO] - prediction: 
[2022-11-01 13:59:02,610][lightning][INFO] - reference : джой веб сайт чемпионат испании по футболу
[2022-11-01 13:59:02,610][lightning][INFO] - prediction: т
[2022-11-01 13:59:03,008][lightning][INFO] - reference : джой почему в японии женщинам не дают готовить суши
[2022-11-01 13:59:03,008][lightning][INFO] - prediction: 
[2022-11-01 13:59:03,357][lightning][INFO] - reference : салют карта маршалловы острова
[2022-11-01 13:59:03,357][lightning][INFO] - prediction: 
[2022-11-01 13:59:03,584][lightning][INFO] - reference : салют какие неореализм в кино ты знаешь
[2022-11-01 13:59:03,584][lightning][INFO] - prediction: 
[2022-11-01 13:59:03,733][lightning][INFO] - reference : афина давай через пять минут спать
[2022-11-01 13:59:03,733][lightning][INFO] - prediction: 
[2022-11-01 13:59:04,049][lightning][INFO] - reference : афина какие виды эрис ты знаешь
[2022-11-01 13:59:04,049][lightning][INFO] - prediction: 
[2022-11-01 13:59:04,282][lightning][INFO] - reference : салют в каком городе находится памятник родина мать
[2022-11-01 13:59:04,282][lightning][INFO] - prediction: т
[2022-11-01 13:59:04,497][lightning][INFO] - reference : салют как называется валюта в пакистане
[2022-11-01 13:59:04,498][lightning][INFO] - prediction: 
[2022-11-01 13:59:04,851][lightning][INFO] - reference : сбер подскажите подготовьте мне выписку по счету
[2022-11-01 13:59:04,852][lightning][INFO] - prediction: 
[2022-11-01 13:59:05,162][lightning][INFO] - reference : салют я вернулся
[2022-11-01 13:59:05,162][lightning][INFO] - prediction: т
[2022-11-01 13:59:05,452][lightning][INFO] - reference : афина какая площадь у города вязьма
[2022-11-01 13:59:05,452][lightning][INFO] - prediction: 
[2022-11-01 13:59:05,749][lightning][INFO] - reference : джой включи пожалуйста таймер на один час
[2022-11-01 13:59:05,749][lightning][INFO] - prediction: 
[2022-11-01 13:59:05,993][lightning][INFO] - reference : сбер прошу звук громче сделай
[2022-11-01 13:59:05,993][lightning][INFO] - prediction: т
[2022-11-01 13:59:06,087][lightning][INFO] - reference : салют перезвони полине
[2022-11-01 13:59:06,087][lightning][INFO] - prediction: т
[2022-11-01 13:59:06,208][lightning][INFO] - reference : салют надоел
[2022-11-01 13:59:06,209][lightning][INFO] - prediction: 
[2022-11-01 13:59:06,349][lightning][INFO] - reference : джой набери галину альбертовну елисееву
[2022-11-01 13:59:06,349][lightning][INFO] - prediction: т
[2022-11-01 13:59:06,450][lightning][INFO] - reference : джой надоел
[2022-11-01 13:59:06,450][lightning][INFO] - prediction: 
[2022-11-01 13:59:06,664][lightning][INFO] - reference : афина повтор
[2022-11-01 13:59:06,665][lightning][INFO] - prediction: 
[2022-11-01 13:59:06,760][lightning][INFO] - reference : сбер набери инну дугину
[2022-11-01 13:59:06,760][lightning][INFO] - prediction: 
[2022-11-01 13:59:06,888][lightning][INFO] - reference : афина набери блинова
[2022-11-01 13:59:06,888][lightning][INFO] - prediction: 
[2022-11-01 13:59:07,056][lightning][INFO] - reference : джой звонок виктору
[2022-11-01 13:59:07,056][lightning][INFO] - prediction: т
[2022-11-01 13:59:07,175][lightning][INFO] - reference : сбер покажи текст песни
[2022-11-01 13:59:07,175][lightning][INFO] - prediction: 
[2022-11-01 13:59:07,337][lightning][INFO] - reference : салют предыдущая
[2022-11-01 13:59:07,337][lightning][INFO] - prediction: 
[2022-11-01 13:59:07,433][lightning][INFO] - reference : салют выйти
[2022-11-01 13:59:07,433][lightning][INFO] - prediction: 
[2022-11-01 13:59:07,641][lightning][INFO] - reference : салют набери надежду васильевну крайнову
[2022-11-01 13:59:07,641][lightning][INFO] - prediction: 
[2022-11-01 13:59:07,734][lightning][INFO] - reference : сбер назад
[2022-11-01 13:59:07,734][lightning][INFO] - prediction: 
[2022-11-01 13:59:07,900][lightning][INFO] - reference : афина прекрати
[2022-11-01 13:59:07,900][lightning][INFO] - prediction: т
[2022-11-01 13:59:08,072][lightning][INFO] - reference : сбер случайный трек
[2022-11-01 13:59:08,072][lightning][INFO] - prediction: 
[2022-11-01 13:59:08,210][lightning][INFO] - reference : салют завершить навык
[2022-11-01 13:59:08,210][lightning][INFO] - prediction: 
[2022-11-01 13:59:08,336][lightning][INFO] - reference : джой завершить навык
[2022-11-01 13:59:08,336][lightning][INFO] - prediction: 
[2022-11-01 13:59:08,522][lightning][INFO] - reference : салют перезвони владимиру николаевичу аксенову
[2022-11-01 13:59:08,522][lightning][INFO] - prediction: 
[2022-11-01 13:59:08,621][lightning][INFO] - reference : салют перезвони ираде евгеньевне
[2022-11-01 13:59:08,622][lightning][INFO] - prediction: 
[2022-11-01 13:59:08,931][lightning][INFO] - reference : джой набери мусатову
[2022-11-01 13:59:08,932][lightning][INFO] - prediction: 
[2022-11-01 13:59:09,239][lightning][INFO] - reference : джой будет ли идти снег в первой половине дня
[2022-11-01 13:59:09,239][lightning][INFO] - prediction: 
[2022-11-01 13:59:09,682][lightning][INFO] - reference : афина отключи звук на видео
[2022-11-01 13:59:09,682][lightning][INFO] - prediction: 
[2022-11-01 13:59:09,840][lightning][INFO] - reference : афина во что любишь поиграть
[2022-11-01 13:59:09,840][lightning][INFO] - prediction: 
[2022-11-01 13:59:10,045][lightning][INFO] - reference : афина тридцать третья серия серкан и сонгуль
[2022-11-01 13:59:10,045][lightning][INFO] - prediction: 
[2022-11-01 13:59:10,272][lightning][INFO] - reference : афина запиши пожалуйста коррекция бровей салон ария на субботу
[2022-11-01 13:59:10,273][lightning][INFO] - prediction: 
[2022-11-01 13:59:10,529][lightning][INFO] - reference : джой насколько достоверны рассказы что животные годами испытывают тоску по умершим хозяевам
[2022-11-01 13:59:10,529][lightning][INFO] - prediction: 
[2022-11-01 13:59:10,624][lightning][INFO] - reference : джой сири найди мне фильмы с актером джонни деппом
[2022-11-01 13:59:10,624][lightning][INFO] - prediction: 
[2022-11-01 13:59:10,731][lightning][INFO] - reference : сбер выйди из приложения
[2022-11-01 13:59:10,731][lightning][INFO] - prediction: 
[2022-11-01 13:59:10,894][lightning][INFO] - reference : афина перезвони вере валерьевне маховой
[2022-11-01 13:59:10,894][lightning][INFO] - prediction: 
[2022-11-01 13:59:10,988][lightning][INFO] - reference : сбер звонок екатерине свечниковой
[2022-11-01 13:59:10,988][lightning][INFO] - prediction: 
[2022-11-01 13:59:11,162][lightning][INFO] - reference : афина набери янну викторовну
[2022-11-01 13:59:11,163][lightning][INFO] - prediction: 
[2022-11-01 13:59:11,238][lightning][INFO] - reference : джой выйди из приложения
[2022-11-01 13:59:11,238][lightning][INFO] - prediction: 
[2022-11-01 13:59:11,519][lightning][INFO] - reference : афина мне не нравится
[2022-11-01 13:59:11,519][lightning][INFO] - prediction: 
[2022-11-01 13:59:11,647][lightning][INFO] - reference : сбер как найти другие мои карты в мобильном банке
[2022-11-01 13:59:11,647][lightning][INFO] - prediction: 
[2022-11-01 13:59:11,801][lightning][INFO] - reference : сбер почему люди болеют
[2022-11-01 13:59:11,801][lightning][INFO] - prediction: 
[2022-11-01 13:59:11,908][lightning][INFO] - reference : что такое допинг
[2022-11-01 13:59:11,909][lightning][INFO] - prediction: 
[2022-11-01 13:59:12,116][lightning][INFO] - reference : живут ли в россии фламинго
[2022-11-01 13:59:12,116][lightning][INFO] - prediction: 
[2022-11-01 13:59:12,262][lightning][INFO] - reference : джой что такое бизнес
[2022-11-01 13:59:12,262][lightning][INFO] - prediction: 
[2022-11-01 13:59:12,391][lightning][INFO] - reference : сбер что такое бессмертие
[2022-11-01 13:59:12,391][lightning][INFO] - prediction: 
[2022-11-01 13:59:12,607][lightning][INFO] - reference : афина зачем нужна лимфа
[2022-11-01 13:59:12,607][lightning][INFO] - prediction: 
[2022-11-01 13:59:12,855][lightning][INFO] - reference : афина включи паровозики из чаггингтон
[2022-11-01 13:59:12,856][lightning][INFO] - prediction: 
[2022-11-01 13:59:12,982][lightning][INFO] - reference : сбер что такое борная кислота
[2022-11-01 13:59:12,982][lightning][INFO] - prediction: 
[2022-11-01 13:59:13,155][lightning][INFO] - reference : сбер что такое бермудский треугольник
[2022-11-01 13:59:13,155][lightning][INFO] - prediction: 
[2022-11-01 13:59:13,338][lightning][INFO] - reference : у каких верблюдов три горба
[2022-11-01 13:59:13,338][lightning][INFO] - prediction: 
[2022-11-01 13:59:13,497][lightning][INFO] - reference : почему самолеты летят и не падают
[2022-11-01 13:59:13,497][lightning][INFO] - prediction: 
[2022-11-01 13:59:13,782][lightning][INFO] - reference : джой откуда берется яд в борщевике сосновского
[2022-11-01 13:59:13,782][lightning][INFO] - prediction: т
[2022-11-01 13:59:13,942][lightning][INFO] - reference : афина что такое чиркаши
[2022-11-01 13:59:13,942][lightning][INFO] - prediction: 
[2022-11-01 13:59:14,149][lightning][INFO] - reference : салют олли веселый грузовичок
[2022-11-01 13:59:14,149][lightning][INFO] - prediction: 
[2022-11-01 13:59:14,256][lightning][INFO] - reference : джой включи ледибаг
[2022-11-01 13:59:14,257][lightning][INFO] - prediction: 
[2022-11-01 13:59:14,396][lightning][INFO] - reference : сбер набери толю ширяева
[2022-11-01 13:59:14,397][lightning][INFO] - prediction: 
[2022-11-01 13:59:14,554][lightning][INFO] - reference : джой продолжить
[2022-11-01 13:59:14,554][lightning][INFO] - prediction: 
[2022-11-01 13:59:14,642][lightning][INFO] - reference : афина звонок валентине
[2022-11-01 13:59:14,642][lightning][INFO] - prediction: 
[2022-11-01 13:59:14,832][lightning][INFO] - reference : джой позвони тихомирову
[2022-11-01 13:59:14,833][lightning][INFO] - prediction: тт
[2022-11-01 13:59:14,919][lightning][INFO] - reference : сбер выйди из приложения
[2022-11-01 13:59:14,919][lightning][INFO] - prediction: 
[2022-11-01 13:59:15,124][lightning][INFO] - reference : салют вперед
[2022-11-01 13:59:15,124][lightning][INFO] - prediction: 
[2022-11-01 13:59:15,207][lightning][INFO] - reference : афина позвони авдеевой
[2022-11-01 13:59:15,207][lightning][INFO] - prediction: т
[2022-11-01 13:59:15,351][lightning][INFO] - reference : салют перезвони андрею
[2022-11-01 13:59:15,351][lightning][INFO] - prediction: 
[2022-11-01 13:59:15,457][lightning][INFO] - reference : салют стоп
[2022-11-01 13:59:15,457][lightning][INFO] - prediction: 
[2022-11-01 13:59:15,607][lightning][INFO] - reference : салют повтори
[2022-11-01 13:59:15,607][lightning][INFO] - prediction: 
[2022-11-01 13:59:15,676][lightning][INFO] - reference : сбер громче
[2022-11-01 13:59:15,676][lightning][INFO] - prediction: 
[2022-11-01 13:59:15,858][lightning][INFO] - reference : сбер домой
[2022-11-01 13:59:15,858][lightning][INFO] - prediction: 
[2022-11-01 13:59:16,176][lightning][INFO] - reference : афина набери алексея игоревича кузнецова
[2022-11-01 13:59:16,176][lightning][INFO] - prediction: 
[2022-11-01 13:59:16,428][lightning][INFO] - reference : сбер добрый вечер могу ли я погасить свой кредит досрочно
[2022-11-01 13:59:16,428][lightning][INFO] - prediction: 
[2022-11-01 13:59:16,652][lightning][INFO] - reference : сбер малифисента
[2022-11-01 13:59:16,653][lightning][INFO] - prediction: 
[2022-11-01 13:59:16,830][lightning][INFO] - reference : джой оригинальное название белла
[2022-11-01 13:59:16,830][lightning][INFO] - prediction: 
[2022-11-01 13:59:16,982][lightning][INFO] - reference : сбер найти каналы киносерия
[2022-11-01 13:59:16,982][lightning][INFO] - prediction: т
[2022-11-01 13:59:17,133][lightning][INFO] - reference : джой когда придет моя карта
[2022-11-01 13:59:17,134][lightning][INFO] - prediction: 
[2022-11-01 13:59:17,332][lightning][INFO] - reference : сбер какие эгипан ты знаешь
[2022-11-01 13:59:17,332][lightning][INFO] - prediction: 
[2022-11-01 13:59:17,518][lightning][INFO] - reference : сбер какая история операций по счетам
[2022-11-01 13:59:17,518][lightning][INFO] - prediction: 
[2022-11-01 13:59:17,706][lightning][INFO] - reference : афина будь добр расскажи интересный факт
[2022-11-01 13:59:17,706][lightning][INFO] - prediction: 
[2022-11-01 13:59:17,842][lightning][INFO] - reference : салют какие мурманский алеша ты знаешь
[2022-11-01 13:59:17,842][lightning][INFO] - prediction: 
[2022-11-01 13:59:18,091][lightning][INFO] - reference : сбер здравствуйте как подключить услугу бонусы спасибо
[2022-11-01 13:59:18,091][lightning][INFO] - prediction: 
[2022-11-01 13:59:18,222][lightning][INFO] - reference : сбер полночь в париже режиссер вуди ален год выпуска
[2022-11-01 13:59:18,222][lightning][INFO] - prediction: а 
[2022-11-01 13:59:18,437][lightning][INFO] - reference : сбер численность населения тулуза
[2022-11-01 13:59:18,437][lightning][INFO] - prediction: 
[2022-11-01 13:59:18,546][lightning][INFO] - reference : сбер откуда импортировались серебряные чаши
[2022-11-01 13:59:18,546][lightning][INFO] - prediction: 
[2022-11-01 13:59:18,719][lightning][INFO] - reference : афина покажи текст песни
[2022-11-01 13:59:18,719][lightning][INFO] - prediction: 
[2022-11-01 13:59:18,840][lightning][INFO] - reference : сбер набери александра николаевича
[2022-11-01 13:59:18,840][lightning][INFO] - prediction: 
[2022-11-01 13:59:18,979][lightning][INFO] - reference : сбер хватит
[2022-11-01 13:59:18,979][lightning][INFO] - prediction: т
[2022-11-01 13:59:19,083][lightning][INFO] - reference : афина перестань
[2022-11-01 13:59:19,083][lightning][INFO] - prediction: 
[2022-11-01 13:59:19,272][lightning][INFO] - reference : афина набери миху барабанова
[2022-11-01 13:59:19,273][lightning][INFO] - prediction: 
[2022-11-01 13:59:19,362][lightning][INFO] - reference : салют надоел
[2022-11-01 13:59:19,362][lightning][INFO] - prediction: 
[2022-11-01 13:59:19,572][lightning][INFO] - reference : афина надоело
[2022-11-01 13:59:19,572][lightning][INFO] - prediction: т
[2022-11-01 13:59:19,806][lightning][INFO] - reference : джой кто дети луна
[2022-11-01 13:59:19,806][lightning][INFO] - prediction: т
[2022-11-01 13:59:19,973][lightning][INFO] - reference : сбер как давно вы в паре со своим молодым человеком
[2022-11-01 13:59:19,974][lightning][INFO] - prediction: т
[2022-11-01 13:59:20,127][lightning][INFO] - reference : афина что любит читать греф
[2022-11-01 13:59:20,128][lightning][INFO] - prediction: 
[2022-11-01 13:59:21,099][lightning][INFO] - reference : джой хватит
[2022-11-01 13:59:21,100][lightning][INFO] - prediction: 
[2022-11-01 13:59:21,176][lightning][INFO] - reference : джой надоел
[2022-11-01 13:59:21,176][lightning][INFO] - prediction: л
[2022-11-01 13:59:26,097][lightning][INFO] - reference : афина организуй мне запись к моему парикмахеру на этой неделе
[2022-11-01 13:59:26,097][lightning][INFO] - prediction: о  мгвно леоо 
[2022-11-01 13:59:27,963][lightning][INFO] - reference : джой скажи а у тебя есть девушка
[2022-11-01 13:59:27,963][lightning][INFO] - prediction: аасааа
[2022-11-01 13:59:29,445][lightning][INFO] - reference : джой почему у некоторых людей нормальная улыбка а у некоторых очень сильно видны верхние десны
[2022-11-01 13:59:29,445][lightning][INFO] - prediction: саечаеледеатаекакаарааеендеа
[2022-11-01 13:59:31,355][lightning][INFO] - reference : сбер здравствуйте сегодня работает банк на гамзатова шестьдесят четыре
[2022-11-01 13:59:31,355][lightning][INFO] - prediction: сбаюоонтоттололооттматоносоитоетесиеи
[2022-11-01 13:59:33,055][lightning][INFO] - reference : афина отключить таймер
[2022-11-01 13:59:33,056][lightning][INFO] - prediction: афи нае каре
[2022-11-01 13:59:34,755][lightning][INFO] - reference : афина когда перестал существовать саманиды
[2022-11-01 13:59:34,756][lightning][INFO] - prediction: аспаисасисоасонаие
[2022-11-01 13:59:36,799][lightning][INFO] - reference : афина из за чего муха не падает со стены
[2022-11-01 13:59:36,799][lightning][INFO] - prediction: афианчивонокоепонычсин
[2022-11-01 13:59:38,687][lightning][INFO] - reference : сбер здравствуйте как подключить услугу бонусы спасибо
[2022-11-01 13:59:38,687][lightning][INFO] - prediction: сбер астикакотеесиепосетиненесяаиба
[2022-11-01 13:59:40,412][lightning][INFO] - reference : афина поставь будильник на восемь утра
[2022-11-01 13:59:40,413][lightning][INFO] - prediction: афина кастанидеведновосемуда
[2022-11-01 13:59:42,151][lightning][INFO] - reference : сбер выведи мне адреса банкоматов сбербанка
[2022-11-01 13:59:42,151][lightning][INFO] - prediction: сбер итииысоти коаутнова
[2022-11-01 13:59:43,668][lightning][INFO] - reference : афина чем занимается роснанотех
[2022-11-01 13:59:43,669][lightning][INFO] - prediction: афинчазиммасасвонат
[2022-11-01 13:59:45,219][lightning][INFO] - reference : джой какие болонки ты знаешь
[2022-11-01 13:59:45,220][lightning][INFO] - prediction: джой какибоболтидознваеси
[2022-11-01 13:59:46,867][lightning][INFO] - reference : джой включи корнилич
[2022-11-01 13:59:46,867][lightning][INFO] - prediction: джой включи конили
[2022-11-01 13:59:48,738][lightning][INFO] - reference : салют сводный отчет по картам
[2022-11-01 13:59:48,738][lightning][INFO] - prediction: салют смовне ачв покан
[2022-11-01 13:59:50,369][lightning][INFO] - reference : сбер ужасы стивена спилберга
[2022-11-01 13:59:50,369][lightning][INFO] - prediction: сбер улосистиеносемдер
[2022-11-01 13:59:52,209][lightning][INFO] - reference : сбер сделай пополнение телефона на двести рублей
[2022-11-01 13:59:52,210][lightning][INFO] - prediction: сбер сдлепапорнеитлеонаитепи
[2022-11-01 13:59:54,174][lightning][INFO] - reference : афина а есть информация по погоде в городе мышкин
[2022-11-01 13:59:54,174][lightning][INFO] - prediction: афина каличионасот богозе горзевочфен
[2022-11-01 13:59:55,896][lightning][INFO] - reference : яркость освещения на веранде нужно увеличить на двадцать пять процентов
[2022-11-01 13:59:55,896][lightning][INFO] - prediction: сдбер кастичфинионердегожно умевечннатетяац
[2022-11-01 13:59:57,416][lightning][INFO] - reference : сбер по какой причине мне пришло отказ по кредиту
[2022-11-01 13:59:57,417][lightning][INFO] - prediction: сбер покако дречиниемнешввткас покрытито
[2022-11-01 13:59:59,192][lightning][INFO] - reference : сбер что за регион оплаты
[2022-11-01 13:59:59,192][lightning][INFO] - prediction: сбер тозарионакота
[2022-11-01 14:00:01,105][lightning][INFO] - reference : салют что такое острова кука
[2022-11-01 14:00:01,106][lightning][INFO] - prediction: салют чтякастралагуба
[2022-11-01 14:00:03,001][lightning][INFO] - reference : джой фильм про шварценеггера терминатор
[2022-11-01 14:00:03,001][lightning][INFO] - prediction: джой филмпрсласнадертермыната
[2022-11-01 14:00:04,798][lightning][INFO] - reference : джой могу поменять офис получения карты
[2022-11-01 14:00:04,798][lightning][INFO] - prediction: джой нао поненяпофс лчине карт
[2022-11-01 14:00:06,887][lightning][INFO] - reference : джой давно пора
[2022-11-01 14:00:06,887][lightning][INFO] - prediction: джой дологура
[2022-11-01 14:00:08,619][lightning][INFO] - reference : афина для чего нужна финансовая аналитика
[2022-11-01 14:00:08,619][lightning][INFO] - prediction: афина дчжевинаенасранаетя
[2022-11-01 14:00:10,178][lightning][INFO] - reference : джой пропали карты
[2022-11-01 14:00:10,178][lightning][INFO] - prediction: джорабори ара
[2022-11-01 14:00:11,905][lightning][INFO] - reference : джой вруби мое музло
[2022-11-01 14:00:11,905][lightning][INFO] - prediction: жой убималюбузоу
[2022-11-01 14:00:13,824][lightning][INFO] - reference : сбер когда начался сербский договор
[2022-11-01 14:00:13,824][lightning][INFO] - prediction: сбер понданачосасерспедонавор
[2022-11-01 14:00:15,726][lightning][INFO] - reference : салют здравствуйте есть ли деньги у меня на счете
[2022-11-01 14:00:15,727][lightning][INFO] - prediction: алют сдрастлккесникекумимошеть
[2022-11-01 14:00:17,394][lightning][INFO] - reference : салют как часто можно выходить на ули
[2022-11-01 14:00:17,395][lightning][INFO] - prediction: салют какча стмозан адитнали
[2022-11-01 14:00:19,198][lightning][INFO] - reference : сбер что тебе известно
[2022-11-01 14:00:19,199][lightning][INFO] - prediction: сбер что тебзсна
[2022-11-01 14:00:20,974][lightning][INFO] - reference : салют перекинь ка деньги а то баланс на сотовом телефоне кончился
[2022-11-01 14:00:20,974][lightning][INFO] - prediction: салют перети каенни хатааласоупадеефнипажоса
[2022-11-01 14:00:22,641][lightning][INFO] - reference : афина оплата связи второй номер
[2022-11-01 14:00:22,641][lightning][INFO] - prediction: афина лтосвезивтародна
[2022-11-01 14:00:24,654][lightning][INFO] - reference : афина какими навыками знаниями и качествами должен обладать современный мужчина чтобы быть капитальным красавчиком
[2022-11-01 14:00:24,655][lightning][INFO] - prediction: афина какиминабокымизнанини катонадожноладацериминимучимоштоеткопитал расакч
[2022-11-01 14:00:26,478][lightning][INFO] - reference : сбер что будет если меня поймают с наркотиками а я скажу что нашел их и хочу сдать
[2022-11-01 14:00:26,478][lightning][INFO] - prediction: сбер токдитиссемоно бомансакосекомастожежтамжочихчусдарт
[2022-11-01 14:00:28,279][lightning][INFO] - reference : салют перевыпустите карту московского региона
[2022-11-01 14:00:28,280][lightning][INFO] - prediction: салют деребубысте катомаскускоредеада
[2022-11-01 14:00:29,887][lightning][INFO] - reference : афина как учился базаров александр
[2022-11-01 14:00:29,887][lightning][INFO] - prediction: афина вкакичиса позаро калисата
[2022-11-01 14:00:31,969][lightning][INFO] - reference : сбер баланс на карте сорок восемь двадцать пять последние четыре цифры
[2022-11-01 14:00:31,970][lightning][INFO] - prediction: сбер фоласнатаркисаркуси надцти посинамстилицета
[2022-11-01 14:00:33,662][lightning][INFO] - reference : сбер много разговариваешь и все не по делу
[2022-11-01 14:00:33,662][lightning][INFO] - prediction: сбер обрдавалилссети бод
[2022-11-01 14:00:35,282][lightning][INFO] - reference : афина покажи телевизионный канал матч тв
[2022-11-01 14:00:35,283][lightning][INFO] - prediction: афина покажизелисане кана мачтиви
[2022-11-01 14:00:36,985][lightning][INFO] - reference : джой как расплачиваться в бельгии
[2022-11-01 14:00:36,985][lightning][INFO] - prediction: джой какроскочивосов педии
[2022-11-01 14:00:38,604][lightning][INFO] - reference : джой какие виды черное лето ты знаешь
[2022-11-01 14:00:38,605][lightning][INFO] - prediction: джой какие вибичоткавераты знашь
[2022-11-01 14:00:40,229][lightning][INFO] - reference : афина шутки про нападение
[2022-11-01 14:00:40,229][lightning][INFO] - prediction: афина окипранубадени
[2022-11-01 14:00:42,183][lightning][INFO] - reference : сколько стоит один евро в рублях
[2022-11-01 14:00:42,184][lightning][INFO] - prediction: колкостотодиндера ублах
[2022-11-01 14:00:44,060][lightning][INFO] - reference : афина где было восстание разина
[2022-11-01 14:00:44,060][lightning][INFO] - prediction: афина кедовостанерзна
[2022-11-01 14:00:46,039][lightning][INFO] - reference : афина заплатить за владимир водоканал
[2022-11-01 14:00:46,039][lightning][INFO] - prediction: афина забати тмадимер задаканал
[2022-11-01 14:00:47,802][lightning][INFO] - reference : салют какие каких защитников животных ты знаешь
[2022-11-01 14:00:47,802][lightning][INFO] - prediction: салют каквтеиаи зачитикужлоновтызнаешь
[2022-11-01 14:00:49,723][lightning][INFO] - reference : джой отметь что этот трек не катит
[2022-11-01 14:00:49,723][lightning][INFO] - prediction: джой ичеато трат касит
[2022-11-01 14:00:51,626][lightning][INFO] - reference : сбер в чем заключается уникальность продукта тинькова и почему они им так гордятся
[2022-11-01 14:00:51,626][lightning][INFO] - prediction: сбер четолчесянни камистробуктатинколо почмонник та портец
[2022-11-01 14:00:53,475][lightning][INFO] - reference : салют покажи где есть банкоматы
[2022-11-01 14:00:53,476][lightning][INFO] - prediction: салют покажимедиис бонкамата
[2022-11-01 14:00:55,039][lightning][INFO] - reference : салют вперед на пятнадцать минут
[2022-11-01 14:00:55,039][lightning][INFO] - prediction: салют переват насневор
[2022-11-01 14:00:56,646][lightning][INFO] - reference : салют оформить кредит на выгодных условиях
[2022-11-01 14:00:56,646][lightning][INFO] - prediction: салют кафолмнискрлюдитнаводадакосодир
[2022-11-01 14:00:58,422][lightning][INFO] - reference : сбер какие координаты у штаб квартиры оон
[2022-11-01 14:00:58,422][lightning][INFO] - prediction: сбер какикарыатужтокортероуо
[2022-11-01 14:01:00,233][lightning][INFO] - reference : афина проиграй диско
[2022-11-01 14:01:00,233][lightning][INFO] - prediction: афина рриграт исков
[2022-11-01 14:01:01,820][lightning][INFO] - reference : джой есть дети у ольги юрьевны
[2022-11-01 14:01:01,821][lightning][INFO] - prediction: джой весдетелолитинрили
[2022-11-01 14:01:03,720][lightning][INFO] - reference : салют включи всеволода фиалковского
[2022-11-01 14:01:03,720][lightning][INFO] - prediction: солют заклюисегоитерогоо
[2022-11-01 14:01:05,574][lightning][INFO] - reference : сбер перевести маме на карту сотню
[2022-11-01 14:01:05,574][lightning][INFO] - prediction: сбер перевестиманенаканкосое
[2022-11-01 14:01:07,389][lightning][INFO] - reference : сбер машке триста рублей перекинь пожалуйста
[2022-11-01 14:01:07,390][lightning][INFO] - prediction: сбер маште ктсторублекет божлст
[2022-11-01 14:01:09,178][lightning][INFO] - reference : джой установить будильник как сегодня
[2022-11-01 14:01:09,178][lightning][INFO] - prediction: джой остенавинбатеми  хате болны
[2022-11-01 14:01:11,592][lightning][INFO] - reference : джой страна сталининградской военной школы летчиков
[2022-11-01 14:01:11,592][lightning][INFO] - prediction: джой сронастарирасыбоянмисколячи
[2022-11-01 14:01:13,450][lightning][INFO] - reference : афина скажи какое текущее время
[2022-11-01 14:01:13,451][lightning][INFO] - prediction: афина ской покочкучивинк
[2022-11-01 14:01:15,113][lightning][INFO] - reference : сбер включить песню через пятьдесят минут
[2022-11-01 14:01:15,114][lightning][INFO] - prediction: сбервключи пиесзачестиисобамол
[2022-11-01 14:01:16,790][lightning][INFO] - reference : салют попов что любит читать
[2022-11-01 14:01:16,790][lightning][INFO] - prediction: салют поповчтоеутетчетать
[2022-11-01 14:01:18,472][lightning][INFO] - reference : афина кто такой алексей викторович щусев
[2022-11-01 14:01:18,473][lightning][INFO] - prediction: афина позако оликселиви перевииеси
[2022-11-01 14:01:19,930][lightning][INFO] - reference : сбер переведи дену миллион с дебетовой карты
[2022-11-01 14:01:19,930][lightning][INFO] - prediction: сбер пыдеведе деаны мееон дебидоны карты
[2022-11-01 14:01:21,617][lightning][INFO] - reference : джой оплата мобильной связи онлайн для друга
[2022-11-01 14:01:21,617][lightning][INFO] - prediction: джой дасамалини слязяманятову
[2022-11-01 14:01:23,745][lightning][INFO] - reference : джой где упоминается криминалистика
[2022-11-01 14:01:23,745][lightning][INFO] - prediction: джой гдепонатя карминистика
[2022-11-01 14:01:25,403][lightning][INFO] - reference : как называется валюта в эфиопии
[2022-11-01 14:01:25,404][lightning][INFO] - prediction: на зваетсь волюта вотли
[2022-11-01 14:01:27,322][lightning][INFO] - reference : салют пополнить счет нов региональный оператор рб
[2022-11-01 14:01:27,323][lightning][INFO] - prediction: салют табоичшенаусаригенани бераты рорюба
[2022-11-01 14:01:29,065][lightning][INFO] - reference : сбер тариф обслуживания
[2022-11-01 14:01:29,065][lightning][INFO] - prediction: сбер коес осжни
[2022-11-01 14:01:30,951][lightning][INFO] - reference : салют какая площадь у города вилья доминика
[2022-11-01 14:01:30,951][lightning][INFO] - prediction: салют кака плачте коротымеедеминика
[2022-11-01 14:01:32,839][lightning][INFO] - reference : афина какой твой возраст в годах
[2022-11-01 14:01:32,839][lightning][INFO] - prediction: афина какойтоозваскода
[2022-11-01 14:01:34,746][lightning][INFO] - reference : джой включи фильм я худею
[2022-11-01 14:01:34,746][lightning][INFO] - prediction: джой включи фирьмгахуде
[2022-11-01 14:01:36,557][lightning][INFO] - reference : афина продолжить воспроизведение песен
[2022-11-01 14:01:36,557][lightning][INFO] - prediction: афина протожиту слоспрызвидение песе
[2022-11-01 14:01:38,445][lightning][INFO] - reference : афина включить свет около беседки
[2022-11-01 14:01:38,445][lightning][INFO] - prediction: афина вклечитсбет окалапесетте
[2022-11-01 14:01:40,481][lightning][INFO] - reference : джой какие виды нервной булимии ты знаешь
[2022-11-01 14:01:40,481][lightning][INFO] - prediction: джой какилетвены уивиты знаешь
[2022-11-01 14:01:42,080][lightning][INFO] - reference : джой что такое валюта
[2022-11-01 14:01:42,080][lightning][INFO] - prediction: джой что тако валюха
[2022-11-01 14:01:44,143][lightning][INFO] - reference : салют кто там главная шишка в сбере
[2022-11-01 14:01:44,143][lightning][INFO] - prediction: салют кто тонглабнасшешко сберие
[2022-11-01 14:01:46,095][lightning][INFO] - reference : афина все фильмы с анджелиной джоли
[2022-11-01 14:01:46,095][lightning][INFO] - prediction: афина ефиньмацожемими жоня
[2022-11-01 14:01:47,912][lightning][INFO] - reference : салют уменьши яркость в ванной комнате
[2022-11-01 14:01:47,912][lightning][INFO] - prediction: салют  мумечияркотеваннеломрате
[2022-11-01 14:01:49,771][lightning][INFO] - reference : сбер курс американского доллара в москве
[2022-11-01 14:01:49,772][lightning][INFO] - prediction: сбер ожовкаскодолрмосе
[2022-11-01 14:01:51,443][lightning][INFO] - reference : сбер включить канал телевидения нтв сериал
[2022-11-01 14:01:51,443][lightning][INFO] - prediction: сбер включите канал телеведен тов срен
[2022-11-01 14:01:52,957][lightning][INFO] - reference : афина когда начались нападения японцев на русских солдат
[2022-11-01 14:01:52,958][lightning][INFO] - prediction: афина кагдаматебис на паненини посатнаростисалдат
[2022-11-01 14:01:54,747][lightning][INFO] - reference : сбер показать москва двадцать четыре
[2022-11-01 14:01:54,748][lightning][INFO] - prediction: сбер показат мосвовасячепее
[2022-11-01 14:01:56,853][lightning][INFO] - reference : афина брасс это какой вид спорта
[2022-11-01 14:01:56,853][lightning][INFO] - prediction: афина ддрасттукяты какмоит литесклорта
[2022-11-01 14:01:58,762][lightning][INFO] - reference : джой оплатить через сбербанк мой мобильный
[2022-11-01 14:01:58,762][lightning][INFO] - prediction: джой патичеп ваномобеми
[2022-11-01 14:02:00,356][lightning][INFO] - reference : сбер что такое приход национал социалистов к власти
[2022-11-01 14:02:00,357][lightning][INFO] - prediction: сбер что тако бреодлеицсианалсасиаовиста вастен
[2022-11-01 14:02:02,049][lightning][INFO] - reference : сбер покажи каналы еда
[2022-11-01 14:02:02,050][lightning][INFO] - prediction: сбер покожи камолыдиба
[2022-11-01 14:02:03,831][lightning][INFO] - reference : джой организуй мне стол в кафе на завтра
[2022-11-01 14:02:03,832][lightning][INFO] - prediction: джой порбнезнестовкаханазавтротть
[2022-11-01 14:02:05,572][lightning][INFO] - reference : сбер смотреть рембо пятая часть онлайн
[2022-11-01 14:02:05,573][lightning][INFO] - prediction: сбесботсмот торобо пяты частьголай
[2022-11-01 14:02:07,463][lightning][INFO] - reference : салют сделай потемнее на балконе
[2022-11-01 14:02:07,463][lightning][INFO] - prediction: салют исдебутинвено балкони
[2022-11-01 14:02:09,113][lightning][INFO] - reference : сбер мужская консультация мужское движение
[2022-11-01 14:02:09,113][lightning][INFO] - prediction: сбер скаксотацеровскобижен
[2022-11-01 14:02:10,985][lightning][INFO] - reference : какие министерства внутренней безопасности ты знаешь
[2022-11-01 14:02:10,986][lightning][INFO] - prediction: шакие мидистесвделнуу предефисарансосте пе звашшь
[2022-11-01 14:02:12,750][lightning][INFO] - reference : афина почему север выступил за отмену рабства в сша
[2022-11-01 14:02:12,750][lightning][INFO] - prediction: афина учемусеверостоблзатменоранстовсоша
[2022-11-01 14:02:14,343][lightning][INFO] - reference : джой уточни мне баланс на моей карте россельхозбанка
[2022-11-01 14:02:14,343][lightning][INFO] - prediction: джой точре мми баланснанае картераселосбанта
[2022-11-01 14:02:15,848][lightning][INFO] - reference : джой у тебя есть любимое приложение
[2022-11-01 14:02:15,848][lightning][INFO] - prediction: джой перевфти демыкполажени
[2022-11-01 14:02:17,608][lightning][INFO] - reference : джой включи диму ярмазевича
[2022-11-01 14:02:17,608][lightning][INFO] - prediction: джой включи нину ермазервиче
[2022-11-01 14:02:19,443][lightning][INFO] - reference : джой часовой пояс ромны
[2022-11-01 14:02:19,443][lightning][INFO] - prediction: джой чесавопес рны
[2022-11-01 14:02:21,177][lightning][INFO] - reference : афина про что и ты дитя мое
[2022-11-01 14:02:21,178][lightning][INFO] - prediction: афина пачто ити дицинада
[2022-11-01 14:02:22,890][lightning][INFO] - reference : салют какие виды налога на заработную плату ты знаешь
[2022-11-01 14:02:22,890][lightning][INFO] - prediction: салют какивени нало назаров на бодо ты знаешь
[2022-11-01 14:02:24,566][lightning][INFO] - reference : джой доброй ночи как закрыть мою кредитную карту и счет по ней
[2022-11-01 14:02:24,566][lightning][INFO] - prediction: джой топрыначь какатреть на кргит ну гарту пишет поге
[2022-11-01 14:02:26,102][lightning][INFO] - reference : джой давай начни сначала тоже самое
[2022-11-01 14:02:26,102][lightning][INFO] - prediction: джой давай начизвачиатожсан
[2022-11-01 14:02:28,487][lightning][INFO] - reference : джой что случилось милая
[2022-11-01 14:02:28,488][lightning][INFO] - prediction: джой ччто скчилусмила
[2022-11-01 14:02:30,261][lightning][INFO] - reference : есть ли у дудиной натальи дочь
[2022-11-01 14:02:30,261][lightning][INFO] - prediction: еси уудимина таниточ
[2022-11-01 14:02:32,094][lightning][INFO] - reference : сбер ассистент когда пойдет снег
[2022-11-01 14:02:32,094][lightning][INFO] - prediction: сбер асистинкогдапроечни
[2022-11-01 14:02:33,892][lightning][INFO] - reference : афина в каком фильме недавно снялся хабенский
[2022-11-01 14:02:33,892][lightning][INFO] - prediction: афина пр дилмедитомистасикобенцть
[2022-11-01 14:02:35,654][lightning][INFO] - reference : сбер я потерял карту что мне делать
[2022-11-01 14:02:35,655][lightning][INFO] - prediction: сбер деккиле корпочтомниделат
[2022-11-01 14:02:37,625][lightning][INFO] - reference : афина я могу узнать почему мне не одобрили кредит
[2022-11-01 14:02:37,625][lightning][INFO] - prediction: афинаенагузнаткочелу мненятобредикретет
[2022-11-01 14:02:39,377][lightning][INFO] - reference : джой сейчас сколько времени
[2022-11-01 14:02:39,378][lightning][INFO] - prediction: джой сечассколковримн
[2022-11-01 14:02:41,263][lightning][INFO] - reference : джой смотреть онлайн триллер хорошее качество
[2022-11-01 14:02:41,264][lightning][INFO] - prediction: джой смокрейтеллан трилир овосжакачесно
[2022-11-01 14:02:42,939][lightning][INFO] - reference : афина какая валюта в судане
[2022-11-01 14:02:42,939][lightning][INFO] - prediction: афина какая валюта вседан
[2022-11-01 14:02:44,532][lightning][INFO] - reference : салют сколько занимают британские острова
[2022-11-01 14:02:44,532][lightning][INFO] - prediction: салют сколько знемат притандски стома
[2022-11-01 14:02:46,609][lightning][INFO] - reference : сбер как указать свои реквизиты
[2022-11-01 14:02:46,609][lightning][INFO] - prediction: сбер каккозатсявеле бизито
[2022-11-01 14:02:48,284][lightning][INFO] - reference : джой какой валютой расплачиваются на мальте
[2022-11-01 14:02:48,284][lightning][INFO] - prediction: джой какое алтрасплтис о мае
[2022-11-01 14:02:50,489][lightning][INFO] - reference : афина какие книги любит греф
[2022-11-01 14:02:50,489][lightning][INFO] - prediction: афина какие кнедиливигре
[2022-11-01 14:02:52,145][lightning][INFO] - reference : джой страна бруклин есть
[2022-11-01 14:02:52,145][lightning][INFO] - prediction: джой странаброкримест
[2022-11-01 14:02:54,355][lightning][INFO] - reference : афина замужем ли белла златкис
[2022-11-01 14:02:54,355][lightning][INFO] - prediction: афина замужембла зматтис
[2022-11-01 14:02:56,405][lightning][INFO] - reference : джой слишком громко тише
[2022-11-01 14:02:56,405][lightning][INFO] - prediction: джой ссештубро косише
[2022-11-01 14:02:58,481][lightning][INFO] - reference : джой открой канал совершенно секретно
[2022-11-01 14:02:58,481][lightning][INFO] - prediction: джой откро коналусавешанасекрна
[2022-11-01 14:03:00,432][lightning][INFO] - reference : джой скажи мне атмосферное давление на сегодняшний день по часам
[2022-11-01 14:03:00,432][lightning][INFO] - prediction: джой скажи мнят мосленое долени на тегониж  динмгочеса
[2022-11-01 14:03:02,349][lightning][INFO] - reference : салют где был первый крестовый поход
[2022-11-01 14:03:02,350][lightning][INFO] - prediction: салют где бопиркристоойл пхот
[2022-11-01 14:03:04,327][lightning][INFO] - reference : афина поставь восьмой канал
[2022-11-01 14:03:04,328][lightning][INFO] - prediction: афина постаь васмой кана
[2022-11-01 14:03:06,295][lightning][INFO] - reference : афина добрый вечер это что за арест на мой счет
[2022-11-01 14:03:06,295][lightning][INFO] - prediction: афина дол провичир эточто зарес нонмышче
[2022-11-01 14:03:07,985][lightning][INFO] - reference : салют что такое концессия
[2022-11-01 14:03:07,985][lightning][INFO] - prediction: салют что наго консесе
[2022-11-01 14:03:09,926][lightning][INFO] - reference : сбер какие координаты у калининградский кафедральный собор
[2022-11-01 14:03:09,927][lightning][INFO] - prediction: сбер каке тардимата уколеез драдски кофитраы собор
[2022-11-01 14:03:11,743][lightning][INFO] - reference : афина будет ли продолжение фильма аватар или уже есть
[2022-11-01 14:03:11,743][lightning][INFO] - prediction: афина ульи кинажалифильмаматаоьна наис
[2022-11-01 14:03:13,471][lightning][INFO] - reference : салют где находится дивизия имени дзержинского
[2022-11-01 14:03:13,472][lightning][INFO] - prediction: салют гераподьсятевесннете дежеско
[2022-11-01 14:03:15,538][lightning][INFO] - reference : салют установи будильник на пять утра ежедневно
[2022-11-01 14:03:15,538][lightning][INFO] - prediction: салют устонагибоденникадеттр ежибеемну
[2022-11-01 14:03:17,360][lightning][INFO] - reference : салют к какому территориальному банку относятся чебоксары
[2022-11-01 14:03:17,361][lightning][INFO] - prediction: салют  како теритриаамабанатссячипосаа
[2022-11-01 14:03:19,370][lightning][INFO] - reference : афина добрый день как отключить автоплатеж
[2022-11-01 14:03:19,371][lightning][INFO] - prediction: афина сдобрыйде как откчитявтослатош
[2022-11-01 14:03:21,309][lightning][INFO] - reference : джой мне надо узнать комиссию за перевод
[2022-11-01 14:03:21,310][lightning][INFO] - prediction: джой мне ндонать камисе заперевот
[2022-11-01 14:03:23,030][lightning][INFO] - reference : салют что тебе нравится по жизни делать
[2022-11-01 14:03:23,030][lightning][INFO] - prediction: салют одигонарасожини деть
[2022-11-01 14:03:25,215][lightning][INFO] - reference : сбер какие деньги в монголии
[2022-11-01 14:03:25,216][lightning][INFO] - prediction: сбер какие денги манголи
[2022-11-01 14:03:27,266][lightning][INFO] - reference : сбер какая комиссия за эту услугу
[2022-11-01 14:03:27,266][lightning][INFO] - prediction: сбер крагва крамнисзаетоуфлува
[2022-11-01 14:03:29,382][lightning][INFO] - reference : афина подскажите курс валюты
[2022-11-01 14:03:29,382][lightning][INFO] - prediction: афина подскажитьусслолюты
[2022-11-01 14:03:31,469][lightning][INFO] - reference : сбер когда начался скотт пилигрим
[2022-11-01 14:03:31,470][lightning][INFO] - prediction: сбер когданачася скодпилекри
[2022-11-01 14:03:33,357][lightning][INFO] - reference : джой по какой книге снят фильм молчание ягнят
[2022-11-01 14:03:33,357][lightning][INFO] - prediction: джой по какой кнеди сняфил мачени иня
[2022-11-01 14:03:35,471][lightning][INFO] - reference : сбер международный свифт
[2022-11-01 14:03:35,471][lightning][INFO] - prediction: сбер неждонамонасист
[2022-11-01 14:03:36,881][lightning][INFO] - reference : какое любимое блюдо у станислава константиновича
[2022-11-01 14:03:36,882][lightning][INFO] - prediction: колю динодрюнуть талисонку стантеныи
[2022-11-01 14:03:38,611][lightning][INFO] - reference : сбер когда возник сон в летнюю ночь
[2022-11-01 14:03:38,611][lightning][INFO] - prediction: сбер когдавозниксомби инач
[2022-11-01 14:03:40,420][lightning][INFO] - reference : салют могу ли я увеличить лимит по кредитной карте
[2022-11-01 14:03:40,420][lightning][INFO] - prediction: салют ногуляовдичитлемт покредина карти
[2022-11-01 14:03:42,211][lightning][INFO] - reference : джой экранизация уэлса в главной роли том круз
[2022-11-01 14:03:42,212][lightning][INFO] - prediction: джой кроизасясяманаоле токрус
[2022-11-01 14:03:43,720][lightning][INFO] - reference : сбер переключи на канал домашний
[2022-11-01 14:03:43,720][lightning][INFO] - prediction: сбер переключи мна кананамас
[2022-11-01 14:03:46,041][lightning][INFO] - reference : салют как считается прибыль
[2022-11-01 14:03:46,041][lightning][INFO] - prediction: салют качитается прибо
[2022-11-01 14:03:47,750][lightning][INFO] - reference : сбер как пополнить баланс телефона
[2022-11-01 14:03:47,750][lightning][INFO] - prediction: сбер ккпопонить балантевифона
[2022-11-01 14:03:49,880][lightning][INFO] - reference : джой чем платить в нидерландах
[2022-11-01 14:03:49,880][lightning][INFO] - prediction: джой чем длатить нидинандор
[2022-11-01 14:03:51,725][lightning][INFO] - reference : джой в красный понедельник будет дождь
[2022-11-01 14:03:51,725][lightning][INFO] - prediction: джой касни подеденни к плодо дожк
[2022-11-01 14:03:53,817][lightning][INFO] - reference : сбер спокойной ночи помощник
[2022-11-01 14:03:53,818][lightning][INFO] - prediction: сбер скакое ноночи пмошны
[2022-11-01 14:03:55,696][lightning][INFO] - reference : салют как погасить часть кредита досрочно
[2022-11-01 14:03:55,696][lightning][INFO] - prediction: салют как модози чалткедитадасрочно
[2022-11-01 14:03:57,692][lightning][INFO] - reference : джой привет алиса какая валюта используется в пекине
[2022-11-01 14:03:57,693][lightning][INFO] - prediction: джой приве талис какая валюта использится пкин
[2022-11-01 14:03:59,341][lightning][INFO] - reference : афина может расскажешь о себе
[2022-11-01 14:03:59,341][lightning][INFO] - prediction: афина можитрасскае шессебе
[2022-11-01 14:04:01,228][lightning][INFO] - reference : джой на каком языке создано драконье копье
[2022-11-01 14:04:01,228][lightning][INFO] - prediction: джой о гопоми запитонны доркони как
[2022-11-01 14:04:02,871][lightning][INFO] - reference : сбер включи глав тему глав радио онлайн
[2022-11-01 14:04:02,872][lightning][INFO] - prediction: сбер включи главтену глабраделвоннай
[2022-11-01 14:04:04,893][lightning][INFO] - reference : джой размер комиссии за снятие наличных средств в банкомате
[2022-11-01 14:04:04,893][lightning][INFO] - prediction: джой дражве омесизасняти малично срет панкомате
[2022-11-01 14:04:06,505][lightning][INFO] - reference : джой какие ранние новые время ты знаешь
[2022-11-01 14:04:06,505][lightning][INFO] - prediction: джой каки иране днв дреняты знашь
[2022-11-01 14:04:09,199][lightning][INFO] - reference : джой какие виды церкви сатаны ты знаешь
[2022-11-01 14:04:09,199][lightning][INFO] - prediction: джой какие виды царкисотаны ты знаешь
[2022-11-01 14:04:11,125][lightning][INFO] - reference : сбер перевести максу три тысячи рублей
[2022-11-01 14:04:11,125][lightning][INFO] - prediction: сбер перевести мау ветысячеруле
[2022-11-01 14:04:12,795][lightning][INFO] - reference : афина какова вместимость стадиона имени первого мая
[2022-11-01 14:04:12,795][lightning][INFO] - prediction: афина какавоместимыскде мавы емдиберовмае
[2022-11-01 14:04:14,575][lightning][INFO] - reference : салют хочу взять потребительский кредит хотелось бы знать одобрят ли мне его
[2022-11-01 14:04:14,575][lightning][INFO] - prediction: салют сачу бдзе отребики переди хоте збознаетятобы тидниво
[2022-11-01 14:04:16,221][lightning][INFO] - reference : в каком клубе состоит независимое государство хорватия
[2022-11-01 14:04:16,222][lightning][INFO] - prediction: коколодисостотнизоиеное косудастохорбати
[2022-11-01 14:04:17,905][lightning][INFO] - reference : сбер запись на оформление бровей
[2022-11-01 14:04:17,905][lightning][INFO] - prediction: сбер записноформение рове
[2022-11-01 14:04:20,112][lightning][INFO] - reference : салют показать канал телевидения номер
[2022-11-01 14:04:20,112][lightning][INFO] - prediction: салют показать канал теевезиниянва
[2022-11-01 14:04:21,927][lightning][INFO] - reference : сбер что такое капитал фирмы
[2022-11-01 14:04:21,927][lightning][INFO] - prediction: сбер что такол копитафермы
[2022-11-01 14:04:24,024][lightning][INFO] - reference : афина в голодных играх как звали героиню
[2022-11-01 14:04:24,024][lightning][INFO] - prediction: афина говолфиервтаксивалидерои
[2022-11-01 14:04:26,164][lightning][INFO] - reference : сбер какую валюту используют в стране юар
[2022-11-01 14:04:26,164][lightning][INFO] - prediction: сбер какой ванютуиспозатстраниг
[2022-11-01 14:04:28,027][lightning][INFO] - reference : салют алан рикман
[2022-11-01 14:04:28,027][lightning][INFO] - prediction: салют алалнригмо
[2022-11-01 14:04:30,033][lightning][INFO] - reference : сбер вруби телеканал успех
[2022-11-01 14:04:30,033][lightning][INFO] - prediction: сбер вруби телеконал спехт
[2022-11-01 14:04:31,752][lightning][INFO] - reference : джой какой результат дала вам йога
[2022-11-01 14:04:31,752][lightning][INFO] - prediction: джой какое езытао далавамудига
[2022-11-01 14:04:33,819][lightning][INFO] - reference : сбер скажи ка мне курс исландской короны на завтра
[2022-11-01 14:04:33,819][lightning][INFO] - prediction: сбер скажи коммня ор исланск корона нацартра
[2022-11-01 14:04:35,635][lightning][INFO] - reference : сбер поставь канал психология двадцать один
[2022-11-01 14:04:35,635][lightning][INFO] - prediction: сбер остаовь каналч калиоста
[2022-11-01 14:04:37,495][lightning][INFO] - reference : сбер какую валюту брать с собой в гонконг
[2022-11-01 14:04:37,495][lightning][INFO] - prediction: сбер какой валюта вранся вобонпо
[2022-11-01 14:04:39,303][lightning][INFO] - reference : джой что позволяет различить разные спирты
[2022-11-01 14:04:39,303][lightning][INFO] - prediction: джой что позболет оразлечит раные сперты
[2022-11-01 14:04:41,152][lightning][INFO] - reference : салют фреска рафаэля афинская школа высота над поверхностью
[2022-11-01 14:04:41,152][lightning][INFO] - prediction: салют трескрафоднеля офинска чола осотоно понерсти
[2022-11-01 14:04:42,978][lightning][INFO] - reference : джой позвони оператору банка
[2022-11-01 14:04:42,978][lightning][INFO] - prediction: джой позвоня ператру банка
[2022-11-01 14:04:45,300][lightning][INFO] - reference : сбер открой канал наша тема
[2022-11-01 14:04:45,300][lightning][INFO] - prediction: сбер вкро корнанаш кима
[2022-11-01 14:04:47,463][lightning][INFO] - reference : вместе с кем антонио герд был совладельцем судоходной компании
[2022-11-01 14:04:47,463][lightning][INFO] - prediction: месе стер антоигер босоводитсемслалсв се дако де конкаы
[2022-11-01 14:04:49,643][lightning][INFO] - reference : сбер михаил круг золотые купола включи мне пожалуйста
[2022-11-01 14:04:49,643][lightning][INFO] - prediction: сбер века кру зоты купла лючемни пожаста
[2022-11-01 14:04:51,369][lightning][INFO] - reference : джой привет найди мне фильмы федора бондарчука
[2022-11-01 14:04:51,369][lightning][INFO] - prediction: джой превет найименя фильмы торобоночекам
[2022-11-01 14:04:53,272][lightning][INFO] - reference : ты можешь поставить будильник на семь утра девятого апреля две тысячи двадцатого года
[2022-11-01 14:04:53,272][lightning][INFO] - prediction: можчпоста пудени насеи тра  девятово треитветысячидвацатого гону
[2022-11-01 14:04:55,131][lightning][INFO] - reference : афина концентрация вредных веществ изопропанол
[2022-11-01 14:04:55,131][lightning][INFO] - prediction: афина ктозадраця вревотючать изаробомо
[2022-11-01 14:04:56,812][lightning][INFO] - reference : банкоматы в пешей доступности
[2022-11-01 14:04:56,812][lightning][INFO] - prediction: таматыспешидаствотносте
[2022-11-01 14:04:58,385][lightning][INFO] - reference : афина добрый день возможно ли перевыпустить карту если она перестала без контакта срабатывать
[2022-11-01 14:04:58,386][lightning][INFO] - prediction: афина побрыйден осможноле перевутустит карторизнанатрекалобскапактосрбатава
[2022-11-01 14:04:59,954][lightning][INFO] - reference : джой я хочу узнать комиссию за внесение наличных
[2022-11-01 14:04:59,954][lightning][INFO] - prediction: джой е хочеме отькомеси завнесение валиче
[2022-11-01 14:05:01,440][lightning][INFO] - reference : сбер найти от заката до рассвета жара
[2022-11-01 14:05:01,440][lightning][INFO] - prediction: сбер знатиса кату повосветожера
[2022-11-01 14:05:03,584][lightning][INFO] - reference : джой колин фаррелл николь кидман
[2022-11-01 14:05:03,584][lightning][INFO] - prediction: джой колисарниколтимо
[2022-11-01 14:05:05,446][lightning][INFO] - reference : джой что такое дания
[2022-11-01 14:05:05,446][lightning][INFO] - prediction: джой что такое дн
[2022-11-01 14:05:07,201][lightning][INFO] - reference : сбер что такое акинава
[2022-11-01 14:05:07,201][lightning][INFO] - prediction: сбер что такое кинала
[2022-11-01 14:05:08,766][lightning][INFO] - reference : джой мощность ростовской аэс
[2022-11-01 14:05:08,766][lightning][INFO] - prediction: джой можно страстовска кас
[2022-11-01 14:05:10,905][lightning][INFO] - reference : джой добрый день заблокировали мою вторую карту как могу разблокировать ее находясь за границей
[2022-11-01 14:05:10,905][lightning][INFO] - prediction: джой добрыйдеь задакировмаевтовы тахто как маго ризтлакиротемоходетсаграницы
[2022-11-01 14:05:12,970][lightning][INFO] - reference : сбер переведи брат андрей две тысячи
[2022-11-01 14:05:12,970][lightning][INFO] - prediction: сбер переведи браомдредеветысящ
[2022-11-01 14:05:14,659][lightning][INFO] - reference : джой включай телеканал калейдоскоп
[2022-11-01 14:05:14,659][lightning][INFO] - prediction: джой включателеканал рдаско
[2022-11-01 14:05:16,468][lightning][INFO] - reference : джой какая основная религия вольный город данциг
[2022-11-01 14:05:16,468][lightning][INFO] - prediction: джой какая оснатнаереведи  вурон гор данцик
[2022-11-01 14:05:18,131][lightning][INFO] - reference : афина в каком виде поисковая система
[2022-11-01 14:05:18,132][lightning][INFO] - prediction: афина како меди пысковаесестема
[2022-11-01 14:05:19,901][lightning][INFO] - reference : джой запустить канал телевидения один
[2022-11-01 14:05:19,901][lightning][INFO] - prediction: джой запусить канал телевидения оди
[2022-11-01 14:05:21,770][lightning][INFO] - reference : салют какая сейчас погода в моем районе
[2022-11-01 14:05:21,770][lightning][INFO] - prediction: салют какая сийчаспобо ткаоеямраеиня
[2022-11-01 14:05:23,397][lightning][INFO] - reference : афина какова стоимость обмена одного юаня на рубли
[2022-11-01 14:05:23,397][lightning][INFO] - prediction: афина какогстоисмен онавоаненруи
[2022-11-01 14:05:24,922][lightning][INFO] - reference : афина что такое романовы
[2022-11-01 14:05:24,922][lightning][INFO] - prediction: афина чо тагой раани
[2022-11-01 14:05:26,764][lightning][INFO] - reference : джой какой валютой расплачиваются в каталонии
[2022-11-01 14:05:26,764][lightning][INFO] - prediction: джой какой валютой расплачиваются котолзи
[2022-11-01 14:05:28,368][lightning][INFO] - reference : сбер надо завершить мой видеовызов прямо сейчас
[2022-11-01 14:05:28,368][lightning][INFO] - prediction: сбер нато звшио егизо прмосчас
[2022-11-01 14:05:29,966][lightning][INFO] - reference : афина почему любителям не стоит пробегать марафонскую дистанцию на тренировках
[2022-11-01 14:05:29,967][lightning][INFO] - prediction: афин очемуля пудиа истопорублидать мрофулска деас трем
[2022-11-01 14:05:31,603][lightning][INFO] - reference : салют пожиратель душ смотреть онлайн
[2022-11-01 14:05:31,603][lightning][INFO] - prediction: салют пожи рате душ смотреть понлана
[2022-11-01 14:05:33,712][lightning][INFO] - reference : салют вы уже общались с жителями района как кандидат
[2022-11-01 14:05:33,713][lightning][INFO] - prediction: салют бы ужачелсжитере раена какодеда
[2022-11-01 14:05:35,651][lightning][INFO] - reference : салют узнать баланс на карте газпрома
[2022-11-01 14:05:35,652][lightning][INFO] - prediction: салют узнаь полансна карте бяспрова
[2022-11-01 14:05:37,121][lightning][INFO] - reference : джой переключить на дабстеп
[2022-11-01 14:05:37,122][lightning][INFO] - prediction: джой ерубуди тадостат
[2022-11-01 14:05:38,699][lightning][INFO] - reference : афина что ты собрался делать
[2022-11-01 14:05:38,700][lightning][INFO] - prediction: афина чтотиса данци делт
[2022-11-01 14:05:40,416][lightning][INFO] - reference : джой какая валюта в сьерра леоне
[2022-11-01 14:05:40,417][lightning][INFO] - prediction: джой какая валюта всераливони
[2022-11-01 14:05:42,098][lightning][INFO] - reference : салют сколько одно евро в рублях
[2022-11-01 14:05:42,098][lightning][INFO] - prediction: салют скорькана евро рубля
[2022-11-01 14:05:43,896][lightning][INFO] - reference : салют включи антона болотова
[2022-11-01 14:05:43,896][lightning][INFO] - prediction: салют включи антона болотово
[2022-11-01 14:05:45,695][lightning][INFO] - reference : салют какие виды симптоматика ты знаешь
[2022-11-01 14:05:45,696][lightning][INFO] - prediction: сают какие виды сентоматека ты знаешь
[2022-11-01 14:05:47,236][lightning][INFO] - reference : сбер как зовут лучшего друга базарова
[2022-11-01 14:05:47,236][lightning][INFO] - prediction: сбер козаушда губоза
[2022-11-01 14:05:49,027][lightning][INFO] - reference : афина хочу изменить дату платежа по кредиту на три дня позже
[2022-11-01 14:05:49,027][lightning][INFO] - prediction: афина хочу узмени дато патежапокледито натридниопожжа
[2022-11-01 14:05:50,772][lightning][INFO] - reference : афина найди фильм в котором снимался леонардо ди каприо про тонущий корабль
[2022-11-01 14:05:50,772][lightning][INFO] - prediction: афина найди фильм котор уснимаетсяинарбапикатре котоишт пратоновуши карабу
[2022-11-01 14:05:52,553][lightning][INFO] - reference : сбер сброс вызов входящий
[2022-11-01 14:05:52,553][lightning][INFO] - prediction: сбер дросгызып нодещи
[2022-11-01 14:05:54,407][lightning][INFO] - reference : салют сколько рублей в десяти евро
[2022-11-01 14:05:54,407][lightning][INFO] - prediction: салют сколько рублетеемра
[2022-11-01 14:05:56,155][lightning][INFO] - reference : афина какие осады москвы ты знаешь
[2022-11-01 14:05:56,155][lightning][INFO] - prediction: афина какие сано москвый ты знаешь
[2022-11-01 14:05:57,779][lightning][INFO] - reference : афина не знаешь где находится банкомат подскажи
[2022-11-01 14:05:57,779][lightning][INFO] - prediction: афина ненапимоходится банкомал пдскаже
[2022-11-01 14:05:59,470][lightning][INFO] - reference : афина вкуснятина
[2022-11-01 14:05:59,471][lightning][INFO] - prediction: афина поснятева
[2022-11-01 14:06:01,097][lightning][INFO] - reference : положи деньги на мобильный телефон
[2022-11-01 14:06:01,097][lightning][INFO] - prediction: ажи деньде миодбильнути уфон
[2022-11-01 14:06:02,758][lightning][INFO] - reference : афина расскажи интересное про брэда питта
[2022-11-01 14:06:02,758][lightning][INFO] - prediction: афина растаодересно трапопито
[2022-11-01 14:06:04,632][lightning][INFO] - reference : сбер стоимость обмена пятидесяти евро
[2022-11-01 14:06:04,633][lightning][INFO] - prediction: сбер сконоста мняна пятеести евра
[2022-11-01 14:06:06,993][lightning][INFO] - reference : джой сколько комиссия за перевод сбербанк
[2022-11-01 14:06:06,993][lightning][INFO] - prediction: джой сколько кметитза перевосбербанк
[2022-11-01 14:06:09,113][lightning][INFO] - reference : афина как давно ты встречалась с мужчиной
[2022-11-01 14:06:09,113][lightning][INFO] - prediction: афина камдонатоствечало смущини
[2022-11-01 14:06:11,018][lightning][INFO] - reference : салют где банкомат чтобы снять наличные
[2022-11-01 14:06:11,019][lightning][INFO] - prediction: салютгде бонромашто быснят наличною
[2022-11-01 14:06:12,915][lightning][INFO] - reference : джой после какого момента песня становится хитом и как это определить
[2022-11-01 14:06:12,915][lightning][INFO] - prediction: джой пусыа какомю мамеда песностонаватекиту и какотапролериь
[2022-11-01 14:06:14,891][lightning][INFO] - reference : афина вот что я думаю
[2022-11-01 14:06:14,891][lightning][INFO] - prediction: афина бодчто домы
[2022-11-01 14:06:17,161][lightning][INFO] - reference : салют чем занимался константин циолковский помимо своих научных работ
[2022-11-01 14:06:17,162][lightning][INFO] - prediction: салют чем замасканстатиицокости полимосинаучныйхробот
[2022-11-01 14:06:19,095][lightning][INFO] - reference : джой отключить телевизор через час тридцать минут
[2022-11-01 14:06:19,095][lightning][INFO] - prediction: джой тключиезо черес частрицнут
[2022-11-01 14:06:21,190][lightning][INFO] - reference : сбер на что холмс часто жалуется ватсону
[2022-11-01 14:06:21,191][lightning][INFO] - prediction: сбер начтофолласейчаста жаваетсявадцио
[2022-11-01 14:06:23,097][lightning][INFO] - reference : салют какая комиссия за снятие и внесение наличных через банкомат или кассу
[2022-11-01 14:06:23,097][lightning][INFO] - prediction: салют какая комиси застяци евнесения налчнох тел тонкомо теликарси
[2022-11-01 14:06:25,020][lightning][INFO] - reference : сбер покажи ближайший банкомат почта банка
[2022-11-01 14:06:25,020][lightning][INFO] - prediction: сбер покажи веоши банкона очдо банка
[2022-11-01 14:06:26,998][lightning][INFO] - reference : джой добрый день что делать если потерял карту
[2022-11-01 14:06:26,998][lightning][INFO] - prediction: джой добрыйкичто деллатиссаптерял бавны
[2022-11-01 14:06:28,919][lightning][INFO] - reference : афина какие виды герб челябинска ты знаешь
[2022-11-01 14:06:28,919][lightning][INFO] - prediction: афина каки елидыгерчелавеска ты знаешь
[2022-11-01 14:06:31,139][lightning][INFO] - reference : салют ближайший прогноз погоды в смоленске
[2022-11-01 14:06:31,140][lightning][INFO] - prediction: салют лижайши пртноспогодис молеска
[2022-11-01 14:06:33,378][lightning][INFO] - reference : джой ты отличный собеседник
[2022-11-01 14:06:33,378][lightning][INFO] - prediction: джой да тыщча списенек
[2022-11-01 14:06:35,479][lightning][INFO] - reference : афина какой лучший способ усмирить гнев и раздражение
[2022-11-01 14:06:35,479][lightning][INFO] - prediction: афина каком выифу споже ужтут улли гнет дерзажить
[2022-11-01 14:06:37,663][lightning][INFO] - reference : джой на день в камбарка будет дождь
[2022-11-01 14:06:37,663][lightning][INFO] - prediction: джой наденв комла стабанкоподет дость
[2022-11-01 14:06:39,934][lightning][INFO] - reference : салют свет вруби
[2022-11-01 14:06:39,934][lightning][INFO] - prediction: салют свет в рубле
[2022-11-01 14:06:41,581][lightning][INFO] - reference : салют включи музыку в жанре диско
[2022-11-01 14:06:41,581][lightning][INFO] - prediction: салют включе музыку жалют диско
[2022-11-01 14:06:43,097][lightning][INFO] - reference : салют сколько времени в москве
[2022-11-01 14:06:43,097][lightning][INFO] - prediction: салют сколькоренимостви
[2022-11-01 14:06:44,851][lightning][INFO] - reference : салют покажи мои реквизиты
[2022-11-01 14:06:44,852][lightning][INFO] - prediction: салют покажи валидик нениды
[2022-11-01 14:06:46,743][lightning][INFO] - reference : джой на скольких языках говорит ольга голодец
[2022-11-01 14:06:46,743][lightning][INFO] - prediction: джой а скоьки изы ка по варет ольга голате
[2022-11-01 14:06:48,549][lightning][INFO] - reference : сбер банкомат на маршруте
[2022-11-01 14:06:48,550][lightning][INFO] - prediction: сбер бакомат на машуте
[2022-11-01 14:06:50,135][lightning][INFO] - reference : джой сделай пожалуйста будильник
[2022-11-01 14:06:50,135][lightning][INFO] - prediction: джой сдой пожалуйста будильник
[2022-11-01 14:06:52,563][lightning][INFO] - reference : джой июля это часть чего
[2022-11-01 14:06:52,563][lightning][INFO] - prediction: джой ивиле вэ то чассьчего
[2022-11-01 14:06:54,751][lightning][INFO] - reference : джой какого роста греф
[2022-11-01 14:06:54,752][lightning][INFO] - prediction: бджо каковростагрет
[2022-11-01 14:06:56,877][lightning][INFO] - reference : афина ассистент сколько денег осталось на карте втб
[2022-11-01 14:06:56,878][lightning][INFO] - prediction: афина аостен сколикодениковталосно карте готог
[2022-11-01 14:06:59,376][lightning][INFO] - reference : сбер официальный сайт форбс четыреста
[2022-11-01 14:06:59,376][lightning][INFO] - prediction: сбер афициальтый сайт форчетыреста
[2022-11-01 14:07:01,089][lightning][INFO] - reference : сбер чем заняться в свободное время
[2022-11-01 14:07:01,090][lightning][INFO] - prediction: сбер чем залятсободна врмя
[2022-11-01 14:07:02,794][lightning][INFO] - reference : джой подключи телевизионный канал нтв сериал
[2022-11-01 14:07:02,794][lightning][INFO] - prediction: джой подтключи те везионый канал тантовасельа
[2022-11-01 14:07:04,635][lightning][INFO] - reference : афина почему мне не одобряют кредит причина
[2022-11-01 14:07:04,635][lightning][INFO] - prediction: афина почемууни нядобрялить кредит трычена
[2022-11-01 14:07:06,499][lightning][INFO] - reference : салют что такое верификация
[2022-11-01 14:07:06,499][lightning][INFO] - prediction: салют что тако вериикации
[2022-11-01 14:07:08,416][lightning][INFO] - reference : сбер лида столица какой страны
[2022-11-01 14:07:08,417][lightning][INFO] - prediction: сбер виидостоится какой страле
[2022-11-01 14:07:10,373][lightning][INFO] - reference : джой знакома с роботом джонни пять
[2022-11-01 14:07:10,373][lightning][INFO] - prediction: джой змакоммосродуто мжанипть
[2022-11-01 14:07:12,333][lightning][INFO] - reference : джой купить билет в кинотеатр
[2022-11-01 14:07:12,333][lightning][INFO] - prediction: джой купить елет кина цатр
[2022-11-01 14:07:14,061][lightning][INFO] - reference : афина тебе нравится банк газпром
[2022-11-01 14:07:14,061][lightning][INFO] - prediction: афина тебинровисога бангастро
[2022-11-01 14:07:15,983][lightning][INFO] - reference : салют набери контакт номер один
[2022-11-01 14:07:15,983][lightning][INFO] - prediction: салют нубеле комтакнонраде
[2022-11-01 14:07:17,744][lightning][INFO] - reference : салют кого выберет дудина кошку или собаку
[2022-11-01 14:07:17,744][lightning][INFO] - prediction: салют омовой бл дуи коркулесобау
[2022-11-01 14:07:20,115][lightning][INFO] - reference : джой благодаря тебе мне все стало понятней и легче люблю тебя
[2022-11-01 14:07:20,116][lightning][INFO] - prediction: джой бровегореть бе менессесталопонять не левче люблютебя
[2022-11-01 14:07:21,844][lightning][INFO] - reference : сбер хочу оформить карту помоги
[2022-11-01 14:07:21,844][lightning][INFO] - prediction: сбер хочооформить катук мони
[2022-11-01 14:07:23,965][lightning][INFO] - reference : сбер вб раша
[2022-11-01 14:07:23,965][lightning][INFO] - prediction: сбер брей параше
[2022-11-01 14:07:25,665][lightning][INFO] - reference : джой какие деньги в судане
[2022-11-01 14:07:25,665][lightning][INFO] - prediction: джой какие деньге всудани
[2022-11-01 14:07:27,604][lightning][INFO] - reference : джой посоветуй мне
[2022-11-01 14:07:27,604][lightning][INFO] - prediction: джой посорепени
[2022-11-01 14:07:29,820][lightning][INFO] - reference : сбер скажи пожалуйста сколько осталось на номинальном счете денежек
[2022-11-01 14:07:29,820][lightning][INFO] - prediction: сбер скажи пожалуйста сколько сталуснавоминальносде денеша
[2022-11-01 14:07:31,711][lightning][INFO] - reference : афина скажи атмосферное давление на сегодня
[2022-11-01 14:07:31,712][lightning][INFO] - prediction: афина скажи относема довлени насодне
[2022-11-01 14:07:33,806][lightning][INFO] - reference : салют куда устроиться на работу если профессии нет
[2022-11-01 14:07:33,806][lightning][INFO] - prediction: салют уда устроетя нароботу ес професени
[2022-11-01 14:07:36,113][lightning][INFO] - reference : салют центр недвижимости от сбербанка это дочерняя организация сбербанка
[2022-11-01 14:07:36,113][lightning][INFO] - prediction: салют сетани двеурте бербанка задочееонир безаци сбербанка
[2022-11-01 14:07:38,156][lightning][INFO] - reference : афина что побуждает людей пойти на венеролога
[2022-11-01 14:07:38,156][lightning][INFO] - prediction: афина что побуждатреде потино винеролога
[2022-11-01 14:07:40,051][lightning][INFO] - reference : джой сири подскажи баланс моей карты альфа банк
[2022-11-01 14:07:40,051][lightning][INFO] - prediction: джой слиподскажи балансвое карты афобанк
[2022-11-01 14:07:42,039][lightning][INFO] - reference : джой официальное название лефортовская тюрьма
[2022-11-01 14:07:42,040][lightning][INFO] - prediction: джой пофисиальное названили фооская терма
[2022-11-01 14:07:44,670][lightning][INFO] - reference : сбер какая валюта у жителей канадских островов
[2022-11-01 14:07:44,671][lightning][INFO] - prediction: сбер какая валюто жетелеконарскийххострано
[2022-11-01 14:07:46,698][lightning][INFO] - reference : джой включи в поисках клада от влада
[2022-11-01 14:07:46,699][lightning][INFO] - prediction: джой включи впористахлда алада
[2022-11-01 14:07:48,473][lightning][INFO] - reference : салют что изображено на банкноте достоинством сто долларов
[2022-11-01 14:07:48,473][lightning][INFO] - prediction: салют что закрижнан вокноате достоопомстодолара
[2022-11-01 14:07:50,906][lightning][INFO] - reference : афина какая самая широкая река в южноафриканской республике
[2022-11-01 14:07:50,906][lightning][INFO] - prediction: афина какая сомошеи рокови коблежно офри канско спубблике
[2022-11-01 14:07:52,827][lightning][INFO] - reference : сбер сколько мне можно еще поспать до того как будильник зазвонит
[2022-11-01 14:07:52,827][lightning][INFO] - prediction: сбер сколько мне мужничег посфат да таго апрудеьникса званит
[2022-11-01 14:07:54,958][lightning][INFO] - reference : сбер где найдено больше всего ископаемых перепончатокрылых
[2022-11-01 14:07:54,958][lightning][INFO] - prediction: сбер где надинапольшив севускаайм перепочитыкры
[2022-11-01 14:07:56,101][lightning][INFO] - reference : сбер оплати телефонный счет
[2022-11-01 14:07:56,102][lightning][INFO] - prediction: бер воп телефонычет
[2022-11-01 14:07:57,425][lightning][INFO] - reference : салют бронь недалеко от дома на пятницу на восемь вечера
[2022-11-01 14:07:57,425][lightning][INFO] - prediction: салют бомидликой домна гят ницсь нагосеничеро
[2022-11-01 14:07:58,933][lightning][INFO] - reference : афина курс доллара на сегодня в сбербанке
[2022-11-01 14:07:58,933][lightning][INFO] - prediction: афина подола називоа сбетакк
[2022-11-01 14:08:00,175][lightning][INFO] - reference : салют вывести деньги ивану один миллион
[2022-11-01 14:08:00,175][lightning][INFO] - prediction: салют выиести тень килевана атинмилево
[2022-11-01 14:08:01,449][lightning][INFO] - reference : салют подскажи пожалуйста что такое сбербанк
[2022-11-01 14:08:01,450][lightning][INFO] - prediction: салют поскажи пожалуйста сто тако сбрбонк
[2022-11-01 14:08:02,616][lightning][INFO] - reference : сбер будильник необходимо поставить на девять часов
[2022-11-01 14:08:02,616][lightning][INFO] - prediction: сбер пудиьнев не ходин постать на делня чессловт
[2022-11-01 14:08:04,017][lightning][INFO] - reference : афина добрый день почему мне пришли смс об отмене ареста средств по исполнительному
[2022-11-01 14:08:04,017][lightning][INFO] - prediction: афина добый день почемоне прошесонассобкмени ресто спет посбанзе
[2022-11-01 14:08:05,641][lightning][INFO] - reference : афина какие виды макрос
[2022-11-01 14:08:05,642][lightning][INFO] - prediction: афина какие види марос
[2022-11-01 14:08:07,173][lightning][INFO] - reference : джой переведи тысячу рублей моему заму иванову
[2022-11-01 14:08:07,174][lightning][INFO] - prediction: джой переведи тысячу рублемозанои аноку
[2022-11-01 14:08:08,714][lightning][INFO] - reference : джой какие виды объединения италии ты знаешь
[2022-11-01 14:08:08,715][lightning][INFO] - prediction: джой какие викабидинени тали пы знаешь
[2022-11-01 14:08:10,051][lightning][INFO] - reference : сбер она моя жена
[2022-11-01 14:08:10,051][lightning][INFO] - prediction: сбер нова жиба
[2022-11-01 14:08:11,502][lightning][INFO] - reference : афина что делать если потеряла карту сбербанка
[2022-11-01 14:08:11,503][lightning][INFO] - prediction: афина что денутиспудеяло карту сбербанна
[2022-11-01 14:08:12,753][lightning][INFO] - reference : сбер здравствуйте как подключить
[2022-11-01 14:08:12,753][lightning][INFO] - prediction:  здрайтекракопючи
[2022-11-01 14:08:14,060][lightning][INFO] - reference : салют оплатите связь
[2022-11-01 14:08:14,060][lightning][INFO] - prediction: салют опладите сясь
[2022-11-01 14:08:15,281][lightning][INFO] - reference : джой помоги найти банкомат улица ленина сорок восемь
[2022-11-01 14:08:15,281][lightning][INFO] - prediction: джой поамо ди ма сибанкалт толит себеня со боси
[2022-11-01 14:08:16,611][lightning][INFO] - reference : джой запусти проигрывание дальше
[2022-11-01 14:08:16,611][lightning][INFO] - prediction: джой запкусти продивыиидаша
[2022-11-01 14:08:17,858][lightning][INFO] - reference : салют включи шоу хаски
[2022-11-01 14:08:17,858][lightning][INFO] - prediction: саор включишухас
[2022-11-01 14:08:19,163][lightning][INFO] - reference : афина найди ближайший банкомат газпрома
[2022-11-01 14:08:19,163][lightning][INFO] - prediction: афина надибяжилаконал поспова
[2022-11-01 14:08:20,418][lightning][INFO] - reference : джой убери звук плиз
[2022-11-01 14:08:20,419][lightning][INFO] - prediction: сайт убересь мупи
[2022-11-01 14:08:21,640][lightning][INFO] - reference : афина включи каналы тайны галактики
[2022-11-01 14:08:21,641][lightning][INFO] - prediction: афина включиканалпална голадтеки
[2022-11-01 14:08:22,807][lightning][INFO] - reference : сбер открой телеканал еда
[2022-11-01 14:08:22,808][lightning][INFO] - prediction: сбер окойтелеканал ида
[2022-11-01 14:08:24,098][lightning][INFO] - reference : афина где выгоднее поменять чешскую крону на рубли
[2022-11-01 14:08:24,098][lightning][INFO] - prediction: афина где вонюби помнят часкокронна рублий
[2022-11-01 14:08:25,291][lightning][INFO] - reference : салют включи калинину
[2022-11-01 14:08:25,291][lightning][INFO] - prediction: салют включи калиниву
[2022-11-01 14:08:26,375][lightning][INFO] - reference : джой когда появились первые понятия о климатических зонах
[2022-11-01 14:08:26,375][lightning][INFO] - prediction: джой каг да понилистие випонатакинатиский вора
[2022-11-01 14:08:27,646][lightning][INFO] - reference : афина какие виды физиологической химии ты знаешь
[2022-11-01 14:08:27,646][lightning][INFO] - prediction: афина какие мидыфизодические симия ты знаешь
[2022-11-01 14:08:29,124][lightning][INFO] - reference : салют мне нужны деньги
[2022-11-01 14:08:29,125][lightning][INFO] - prediction: салют евена зелеериечс
[2022-11-01 14:08:30,315][lightning][INFO] - reference : джой шерлок первый сезон первая серия
[2022-11-01 14:08:30,316][lightning][INFO] - prediction: джой шема пемосрудлевайсия
[2022-11-01 14:08:31,569][lightning][INFO] - reference : афина какая валюта в стране тонго
[2022-11-01 14:08:31,569][lightning][INFO] - prediction: афина какая валюта страние танка
[2022-11-01 14:08:32,928][lightning][INFO] - reference : джой подскажи пожалуйста баланс карты виза
[2022-11-01 14:08:32,928][lightning][INFO] - prediction: джой подскажи пожалуйста баланс карты миза
[2022-11-01 14:08:34,007][lightning][INFO] - reference : салют какие виды стимпанка ты знаешь
[2022-11-01 14:08:34,007][lightning][INFO] - prediction: салют какие виды стифанка ты знаешь
[2022-11-01 14:08:35,191][lightning][INFO] - reference : афина круглосуточный банкомат двадцать четыре часа
[2022-11-01 14:08:35,191][lightning][INFO] - prediction: афина подасо банкома дас четыичиса
[2022-11-01 14:08:36,420][lightning][INFO] - reference : джой как сделать идеальное пюре без комков не прибегая к ситечку
[2022-11-01 14:08:36,421][lightning][INFO] - prediction: джой как дезатероноге искаконевдегоаксезяч
[2022-11-01 14:08:37,656][lightning][INFO] - reference : джой рики тики тави
[2022-11-01 14:08:37,657][lightning][INFO] - prediction: джой певеки текитале сясотебону
[2022-11-01 14:08:38,872][lightning][INFO] - reference : афина почему задние стекла автомобиля опускаются не до конца в отличие от передних
[2022-11-01 14:08:38,872][lightning][INFO] - prediction: афина почему замистиавтробиря ускатенидыкоца воличи ерии
[2022-11-01 14:08:39,951][lightning][INFO] - reference : сбер инстаграм аккаунт вигер
[2022-11-01 14:08:39,951][lightning][INFO] - prediction: сбер нестагарка каневибер
[2022-11-01 14:08:41,433][lightning][INFO] - reference : ева переключи на сбера
[2022-11-01 14:08:41,433][lightning][INFO] - prediction: аева переключи на сберо
[2022-11-01 14:08:42,865][lightning][INFO] - reference : афина алиса установить таймер на пятнадцать минут
[2022-11-01 14:08:42,865][lightning][INFO] - prediction: афина алисавусто наиттайнерна пятнадцменут
[2022-11-01 14:08:43,909][lightning][INFO] - reference : сбер моя жизнь одинока и непонятна
[2022-11-01 14:08:43,909][lightning][INFO] - prediction: сбер мояжи одинакоиниоярна
[2022-11-01 14:08:45,445][lightning][INFO] - reference : афина насчет оформления кредита
[2022-11-01 14:08:45,445][lightning][INFO] - prediction: афи мучитофорумени питиу
[2022-11-01 14:08:46,653][lightning][INFO] - reference : афина сколько времени на ваших часах
[2022-11-01 14:08:46,653][lightning][INFO] - prediction: афина сколько рмени на машк часа
[2022-11-01 14:08:48,034][lightning][INFO] - reference : джой какое место
[2022-11-01 14:08:48,035][lightning][INFO] - prediction: джой какое бястас
[2022-11-01 14:08:49,228][lightning][INFO] - reference : джой переведи пятьдесят долларов игорь работа
[2022-11-01 14:08:49,228][lightning][INFO] - prediction: джой переведи пятьдесяту екни пработа
[2022-11-01 14:08:50,331][lightning][INFO] - reference : салют включи кекер
[2022-11-01 14:08:50,332][lightning][INFO] - prediction: салют включи тетер
[2022-11-01 14:08:51,590][lightning][INFO] - reference : салют какие секреты работы тимура козинцева
[2022-11-01 14:08:51,590][lightning][INFO] - prediction: салют какие секретоработаттимороказинцмо
[2022-11-01 14:08:52,899][lightning][INFO] - reference : афина который час я успею к двенадцати на встречу
[2022-11-01 14:08:52,899][lightning][INFO] - prediction: афина который час дялспегдинадцатенавтрече
[2022-11-01 14:08:54,261][lightning][INFO] - reference : джой включи картун нетворк россия
[2022-11-01 14:08:54,261][lightning][INFO] - prediction: джой включи картыенетвкнаосси
[2022-11-01 14:08:55,470][lightning][INFO] - reference : джой какие виды эпического театра ты знаешь
[2022-11-01 14:08:55,470][lightning][INFO] - prediction: джой какие виды  пическовотенатро ты знаешь
[2022-11-01 14:08:56,510][lightning][INFO] - reference : как пополнить сбер счет абонента другого оператора
[2022-11-01 14:08:56,510][lightning][INFO] - prediction: сжойпоплн сбер чет поводиуглаграл
[2022-11-01 14:08:58,091][lightning][INFO] - reference : джой почему минус на карте
[2022-11-01 14:08:58,092][lightning][INFO] - prediction: джой почему минув на карте
[2022-11-01 14:08:59,475][lightning][INFO] - reference : сбер поехали к банкомату сбербанка
[2022-11-01 14:08:59,475][lightning][INFO] - prediction: сбер пойниклебункомату сбербанка
[2022-11-01 14:09:00,649][lightning][INFO] - reference : салют винни пух
[2022-11-01 14:09:00,649][lightning][INFO] - prediction: салют ени ку
[2022-11-01 14:09:02,020][lightning][INFO] - reference : джой какой род занятий у шерлок холмс
[2022-11-01 14:09:02,021][lightning][INFO] - prediction: джой каком доузанетишровкон
[2022-11-01 14:09:03,276][lightning][INFO] - reference : джой поставь пожалуйста песню моргенштерна
[2022-11-01 14:09:03,276][lightning][INFO] - prediction: джоай поставь пакис жалуста писнинардимсторно
[2022-11-01 14:09:04,355][lightning][INFO] - reference : афина здравствуй подскажи пожалуйста баланс моей карты
[2022-11-01 14:09:04,355][lightning][INFO] - prediction: афина васи боска пожалйса балосноей карты
[2022-11-01 14:09:05,805][lightning][INFO] - reference : сбер сделай меньше яркость в зале
[2022-11-01 14:09:05,805][lightning][INFO] - prediction: сбер сделай месярты знаре
[2022-11-01 14:09:06,955][lightning][INFO] - reference : салют набрать номер техподдержки сбербанка
[2022-11-01 14:09:06,955][lightning][INFO] - prediction: салют натрася номертер потежкиспер банта
[2022-11-01 14:09:08,871][lightning][INFO] - reference : салют подскажи мне время на данный момент
[2022-11-01 14:09:08,871][lightning][INFO] - prediction: салют подскажи мне времяк надано момит
[2022-11-01 14:09:10,219][lightning][INFO] - reference : афина греф китаец
[2022-11-01 14:09:10,219][lightning][INFO] - prediction: афина брерти таресь
[2022-11-01 14:09:11,466][lightning][INFO] - reference : афина назови участников американо мексиканской войны
[2022-11-01 14:09:11,466][lightning][INFO] - prediction: афина на завет чесникафо омереканаиксикансту вани
[2022-11-01 14:09:12,922][lightning][INFO] - reference : афина куда они ушли
[2022-11-01 14:09:12,922][lightning][INFO] - prediction: афина уданини
[2022-11-01 14:09:14,019][lightning][INFO] - reference : афина пока баиньки спокойной ночи
[2022-11-01 14:09:14,020][lightning][INFO] - prediction: афина акабаки в пкоминаче
[2022-11-01 14:09:15,233][lightning][INFO] - reference : скажи где находятся ближайшие банкоматы сбербанка
[2022-11-01 14:09:15,233][lightning][INFO] - prediction: ажи де нахудится ближайший банкоматы сбербанка
[2022-11-01 14:09:16,405][lightning][INFO] - reference : салют я знаю ты умеешь рассказывать интересные истории
[2022-11-01 14:09:16,405][lightning][INFO] - prediction: салют ена покешис ка дереснито
[2022-11-01 14:09:17,772][lightning][INFO] - reference : салют покажи канал телевидения восток тв
[2022-11-01 14:09:17,773][lightning][INFO] - prediction: салют покажи канал телевидения васток тава
[2022-11-01 14:09:18,936][lightning][INFO] - reference : салют может ли меняться группа крови у человека
[2022-11-01 14:09:18,936][lightning][INFO] - prediction: салют можди менятсягрупокроичелолек
[2022-11-01 14:09:20,351][lightning][INFO] - reference : салют что значит датировать
[2022-11-01 14:09:20,352][lightning][INFO] - prediction: салют что значить титимовть
[2022-11-01 14:09:21,603][lightning][INFO] - reference : афина пришлите комиссию за перевод
[2022-11-01 14:09:21,603][lightning][INFO] - prediction: афина причвите комис за переод
[2022-11-01 14:09:23,201][lightning][INFO] - reference : джой умножить пять на семь
[2022-11-01 14:09:23,201][lightning][INFO] - prediction: джой ножи пенаси
[2022-11-01 14:09:24,477][lightning][INFO] - reference : джой алиса отключи звук будильника
[2022-11-01 14:09:24,478][lightning][INFO] - prediction: джой валиса откучиру будильника
[2022-11-01 14:09:25,736][lightning][INFO] - reference : джой в состав чего входит трипольская культура
[2022-11-01 14:09:25,736][lightning][INFO] - prediction: джой состав чеговходй ибыская путура
[2022-11-01 14:09:26,780][lightning][INFO] - reference : сбер какая сегодня будет погода
[2022-11-01 14:09:26,780][lightning][INFO] - prediction: сбер какая сегодибуть погода
[2022-11-01 14:09:27,970][lightning][INFO] - reference : салют где находится ближайший магазин с банкоматом
[2022-11-01 14:09:27,970][lightning][INFO] - prediction: салют где находесяближайшимобезенсбанкомату
[2022-11-01 14:09:29,508][lightning][INFO] - reference : сбер в каких источниках описывается свадьба
[2022-11-01 14:09:29,508][lightning][INFO] - prediction: сбер  каких источникакапижываетя сганку
[2022-11-01 14:09:30,957][lightning][INFO] - reference : салют узнать остаток по карте дебетовой
[2022-11-01 14:09:30,957][lightning][INFO] - prediction: салют уннатя спата по карт днемиков
[2022-11-01 14:09:32,333][lightning][INFO] - reference : афина сбор каких грибов приобрел коммерческое значение
[2022-11-01 14:09:32,333][lightning][INFO] - prediction: афина зботаь кэ мимо прлеканичискозначени
[2022-11-01 14:09:33,605][lightning][INFO] - reference : сбер а трейлер к фильму король лев
[2022-11-01 14:09:33,606][lightning][INFO] - prediction: сбер октреефильм королеф
[2022-11-01 14:09:34,954][lightning][INFO] - reference : сбер дочерние банки это что значит
[2022-11-01 14:09:34,955][lightning][INFO] - prediction: сбер дочилны антее тосторват
[2022-11-01 14:09:36,297][lightning][INFO] - reference : салют меня не любит физичка
[2022-11-01 14:09:36,297][lightning][INFO] - prediction: салют менанилюдафидичка
[2022-11-01 14:09:37,548][lightning][INFO] - reference : сбер у какого региона феникс столица
[2022-11-01 14:09:37,549][lightning][INFO] - prediction: сбер какому риилна федекс сталица
[2022-11-01 14:09:39,232][lightning][INFO] - reference : афина смотреть канал телевидения телеканал театр
[2022-11-01 14:09:39,232][lightning][INFO] - prediction: афина смотре тета танал теведине теле канал тит
[2022-11-01 14:09:40,629][lightning][INFO] - reference : афина удиви новым фактором для меня
[2022-11-01 14:09:40,629][lightning][INFO] - prediction: афина удели новон фапоимеря
[2022-11-01 14:09:42,091][lightning][INFO] - reference : сбер сколько сейчас на часах
[2022-11-01 14:09:42,092][lightning][INFO] - prediction: сбер сколько сейчасну часа
[2022-11-01 14:09:43,414][lightning][INFO] - reference : джой это точно
[2022-11-01 14:09:43,414][lightning][INFO] - prediction: джой эпоточоу
[2022-11-01 14:09:44,771][lightning][INFO] - reference : афина перевела деньги с карты на телефон баланс еще не изменился можно узнать причину
[2022-11-01 14:09:44,771][lightning][INFO] - prediction: афина ередоводегискатри утелефо болансищенезнисемото пиим
[2022-11-01 14:09:46,104][lightning][INFO] - reference : джой помоги мне встать в шесть двадцать на работу
[2022-11-01 14:09:46,104][lightning][INFO] - prediction: джой омоимнелчтать ашесдаанамута
[2022-11-01 14:09:47,639][lightning][INFO] - reference : афина алиса помоги мне перевести деньги пятьсот рублей на счет телесети плюс
[2022-11-01 14:09:47,640][lightning][INFO] - prediction: афина алис повогимее превести деньг пяьсот рублей насчет тересяти клюс
[2022-11-01 14:09:49,285][lightning][INFO] - reference : сбер каково это жить в венеции афина открой телеканал россия
[2022-11-01 14:09:49,286][lightning][INFO] - prediction: сбер когавокожитмения тиндыафина отроте канал росси
[2022-11-01 14:09:50,533][lightning][INFO] - reference : джой у завьяловой татьяны есть семья
[2022-11-01 14:09:50,533][lightning][INFO] - prediction: джой завялой ортеныдискибе
[2022-11-01 14:09:52,069][lightning][INFO] - reference : афина в каком году вышел фильм терминатор
[2022-11-01 14:09:52,069][lightning][INFO] - prediction: афина в каком звадовышуфиьм чеменотор
[2022-11-01 14:09:53,462][lightning][INFO] - reference : афина сыграй жанр русский рэп
[2022-11-01 14:09:53,462][lightning][INFO] - prediction: афина сыграежане бушкеи
[2022-11-01 14:09:54,762][lightning][INFO] - reference : сбер что является валютой в египте
[2022-11-01 14:09:54,762][lightning][INFO] - prediction: сбер что иляется валюта игити
[2022-11-01 14:09:55,915][lightning][INFO] - reference : сбер к какому территориальному банку относится республика татарстан
[2022-11-01 14:09:55,915][lightning][INFO] - prediction: сбер в каком ателитриального банка отнастся еспуликовтарста
[2022-11-01 14:09:57,225][lightning][INFO] - reference : афина какие города стоят на реке волге
[2022-11-01 14:09:57,226][lightning][INFO] - prediction: афина какие продорстонелекимеебе
[2022-11-01 14:09:58,603][lightning][INFO] - reference : афина добрый день я заказывала новую карту когда я могу ее забрать
[2022-11-01 14:09:58,603][lightning][INFO] - prediction: афина добрый деньне заказо уву карту кагдая могуизакаь
[2022-11-01 14:09:59,958][lightning][INFO] - reference : салют какие деньги в болгарии
[2022-11-01 14:09:59,958][lightning][INFO] - prediction: салют какие деньгив кодари
[2022-11-01 14:10:01,735][lightning][INFO] - reference : сбер как добраться до ближайшего банкомата сбербанка
[2022-11-01 14:10:01,735][lightning][INFO] - prediction: сбер катобрати то ближайшиго банкоматы сбербанка
[2022-11-01 14:10:02,877][lightning][INFO] - reference : сбер влад и никита
[2022-11-01 14:10:02,877][lightning][INFO] - prediction: сбер златиникитан
[2022-11-01 14:10:04,287][lightning][INFO] - reference : салют поедем в курск скоро расскажи про погоду
[2022-11-01 14:10:04,287][lightning][INFO] - prediction: салют аита вкукораскажитрапобода
[2022-11-01 14:10:05,558][lightning][INFO] - reference : джой оплатить счет мп и рц
[2022-11-01 14:10:05,558][lightning][INFO] - prediction: джой поплатить счет янб ипрце
[2022-11-01 14:10:06,856][lightning][INFO] - reference : салют голосовой помощник включи мне музыку через три минутки
[2022-11-01 14:10:06,856][lightning][INFO] - prediction: асьмочеич запяиасалют разожо мо патиьмн нузывсеестринотору
[2022-11-01 14:10:08,164][lightning][INFO] - reference : сбер переведи деньги антону
[2022-11-01 14:10:08,164][lightning][INFO] - prediction: сбер переведи деньги ндона
[2022-11-01 14:10:09,433][lightning][INFO] - reference : сбер как называется столица королевства вандалов и аланов
[2022-11-01 14:10:09,434][lightning][INFO] - prediction: сбер как называеття толицехралесто вандалов и алана
[2022-11-01 14:10:11,017][lightning][INFO] - reference : джой мне нужно перевыпустить карту соедините с сотрудником банка
[2022-11-01 14:10:11,018][lightning][INFO] - prediction: джой мене можно переодкатить карту ваденете сотомни команка
[2022-11-01 14:10:12,251][lightning][INFO] - reference : салют добрый день мне нужна справка о переводе за третье ноль пятое
[2022-11-01 14:10:12,251][lightning][INFO] - prediction: салют добрыйден мненуже стравко о перемоде сотрычимам гята
[2022-11-01 14:10:13,340][lightning][INFO] - reference : афина открой телеканал россия
[2022-11-01 14:10:13,340][lightning][INFO] - prediction: афина оуделеканал расстиик
[2022-11-01 14:10:14,831][lightning][INFO] - reference : салют что изображено на тысячной купюре
[2022-11-01 14:10:14,831][lightning][INFO] - prediction: салют что забрзнанатуснокодода
[2022-11-01 14:10:16,162][lightning][INFO] - reference : джой привет алиса какая валюта в городе нью йорк
[2022-11-01 14:10:16,162][lightning][INFO] - prediction: джой преветалиса какая валюта горокени ек
[2022-11-01 14:10:17,573][lightning][INFO] - reference : афина заведи дебетовую карту в банке
[2022-11-01 14:10:17,573][lightning][INFO] - prediction: афина заведи дебитоную карту банке
[2022-11-01 14:10:18,760][lightning][INFO] - reference : салют какие виды крыш из нержавеющей стали ты знаешь
[2022-11-01 14:10:18,761][lightning][INFO] - prediction: салют какие виды креисызизавише ещискали ты знаешь
[2022-11-01 14:10:20,085][lightning][INFO] - reference : джой фильм бросок кобры
[2022-11-01 14:10:20,085][lightning][INFO] - prediction: джой фильм росток кобры
[2022-11-01 14:10:21,521][lightning][INFO] - reference : сбер кто папа икар
[2022-11-01 14:10:21,522][lightning][INFO] - prediction: сбер кто папарикар
[2022-11-01 14:10:22,885][lightning][INFO] - reference : афина могу ли я забрать позже свою выпущенную карту
[2022-11-01 14:10:22,885][lightning][INFO] - prediction: афина могу лиянабро пожлисе выпущинию карту
[2022-11-01 14:10:24,090][lightning][INFO] - reference : афина шутки про сбербанк
[2022-11-01 14:10:24,090][lightning][INFO] - prediction: афина чу п кит рау сбербанк
[2022-11-01 14:10:25,228][lightning][INFO] - reference : джой сделай карту
[2022-11-01 14:10:25,228][lightning][INFO] - prediction: джой сделай карту
[2022-11-01 14:10:26,439][lightning][INFO] - reference : джой совершить перевод коллеге семену
[2022-11-01 14:10:26,440][lightning][INFO] - prediction: джой сеши перевод каледесенну
[2022-11-01 14:10:27,852][lightning][INFO] - reference : у какого семейства куколок на конце тела остается шкурка личинки последнего возраста джой все текущие балансы карт
[2022-11-01 14:10:27,852][lightning][INFO] - prediction: у кооо семесто пугодоконаканцат те лостаитсяшкум кличинте потеди бозростаджой ситикучи баланца карте
[2022-11-01 14:10:29,074][lightning][INFO] - reference : сбер как после просмотра трех российских комедий подряд избавиться от ощущения что мир населен слабоумными похотливыми алкоголиками
[2022-11-01 14:10:29,074][lightning][INFO] - prediction: сбер как посе п расмотрыть преов нрасийски конеди побряитбасятуещение чтомернаселес набоунори покотивыно когорикаи
[2022-11-01 14:10:30,311][lightning][INFO] - reference : афина в каком городе фиджи меньше всего жителей
[2022-11-01 14:10:30,311][lightning][INFO] - prediction: афина вкаком горыдев филюбежемемшесегошен тели
[2022-11-01 14:10:31,486][lightning][INFO] - reference : салют здравствуйте как сменить номер на котором зарегистрирован сбербанк онлайн
[2022-11-01 14:10:31,486][lightning][INFO] - prediction: салют здравствуйте каксменит новмерна которазаргистрираа сбербанкамлай
[2022-11-01 14:10:32,820][lightning][INFO] - reference : джой в каком регионе находится хаджали
[2022-11-01 14:10:32,820][lightning][INFO] - prediction: джой каком нрйгионе находится хожарии
[2022-11-01 14:10:33,916][lightning][INFO] - reference : джой прошу найти фильм жанр исторический
[2022-11-01 14:10:33,916][lightning][INFO] - prediction: джой прошилати фиимжанросторический
[2022-11-01 14:10:35,436][lightning][INFO] - reference : афина сбросить вызов
[2022-11-01 14:10:35,436][lightning][INFO] - prediction: афина сдрошитебоезыв
[2022-11-01 14:10:36,939][lightning][INFO] - reference : салют пришли ссылку на оформление кредитной карты
[2022-11-01 14:10:36,939][lightning][INFO] - prediction: алют ишисопнарленикозитнй карты
[2022-11-01 14:10:38,153][lightning][INFO] - reference : афина мне очень плохо давай дружить
[2022-11-01 14:10:38,153][lightning][INFO] - prediction: афина мне ачи плоа давайдрушить
[2022-11-01 14:10:39,629][lightning][INFO] - reference : афина чем отличается кадровая структура айти отрасли россии от структур других стран
[2022-11-01 14:10:39,629][lightning][INFO] - prediction: афина чаматчатся кодрова структорачелотрасто россетспрутор пруких стра
[2022-11-01 14:10:40,887][lightning][INFO] - reference : сбер как понять что у тебя депрессия
[2022-11-01 14:10:40,887][lightning][INFO] - prediction: сбер как поня чту тебяди прости
[2022-11-01 14:10:42,074][lightning][INFO] - reference : афина сбербанк есть в других странах
[2022-11-01 14:10:42,074][lightning][INFO] - prediction: афина сбербанк ести ктгисорова
[2022-11-01 14:10:43,168][lightning][INFO] - reference : джой найди фильм комедию
[2022-11-01 14:10:43,168][lightning][INFO] - prediction: джой найди фильм конеги
[2022-11-01 14:10:44,855][lightning][INFO] - reference : сбер сколько занимает харьковщина
[2022-11-01 14:10:44,855][lightning][INFO] - prediction: сбер скоько санима хартощино
[2022-11-01 14:10:47,189][lightning][INFO] - reference : джой хватит
[2022-11-01 14:10:47,189][lightning][INFO] - prediction: джой клатитк
[2022-11-01 14:10:47,280][lightning][INFO] - reference : джой надоел
[2022-11-01 14:10:47,280][lightning][INFO] - prediction: джой натань
[2022-11-01 14:10:49,042][lightning][INFO] - reference : джой хватит
[2022-11-01 14:10:49,043][lightning][INFO] - prediction: джой клатитк
[2022-11-01 14:10:49,148][lightning][INFO] - reference : джой надоел
[2022-11-01 14:10:49,148][lightning][INFO] - prediction: джой натань
[2022-11-01 14:10:49,371][lightning][INFO] - reference : салют приложение сверни
[2022-11-01 14:10:49,371][lightning][INFO] - prediction: заин колозорасмл
[2022-11-01 14:10:49,506][lightning][INFO] - reference : сбер набери ковалева
[2022-11-01 14:10:49,507][lightning][INFO] - prediction: сбер набери кволяла
[2022-11-01 14:10:49,622][lightning][INFO] - reference : салют набери сергея
[2022-11-01 14:10:49,622][lightning][INFO] - prediction: салют кабер сернеу
[2022-11-01 14:10:49,729][lightning][INFO] - reference : джой продолжить
[2022-11-01 14:10:49,730][lightning][INFO] - prediction: джой подожить
