[2022-11-01 10:44:29,263][lightning][INFO] - reference : джой хватит
[2022-11-01 10:44:29,263][lightning][INFO] - prediction: д
[2022-11-01 10:44:29,345][lightning][INFO] - reference : джой надоел
[2022-11-01 10:44:29,345][lightning][INFO] - prediction: д
[2022-11-01 10:44:33,556][lightning][INFO] - reference : афина организуй мне запись к моему парикмахеру на этой неделе
[2022-11-01 10:44:33,556][lightning][INFO] - prediction: х дбдгчькйдгзпхгфдчдхдцйпфзхдхнхьйкхйьфьзхзьахгхздхэхэьхбрхдгдрзя ьххйхи зрюзпхппкзбгхгрзьдзьпзхь
[2022-11-01 10:44:35,137][lightning][INFO] - reference : джой скажи а у тебя есть девушка
[2022-11-01 10:44:35,137][lightning][INFO] - prediction: 
[2022-11-01 10:44:36,464][lightning][INFO] - reference : джой почему у некоторых людей нормальная улыбка а у некоторых очень сильно видны верхние десны
[2022-11-01 10:44:36,464][lightning][INFO] - prediction:   
[2022-11-01 10:44:38,064][lightning][INFO] - reference : сбер здравствуйте сегодня работает банк на гамзатова шестьдесят четыре
[2022-11-01 10:44:38,065][lightning][INFO] - prediction: 
[2022-11-01 10:44:39,850][lightning][INFO] - reference : афина отключить таймер
[2022-11-01 10:44:39,850][lightning][INFO] - prediction:  
[2022-11-01 10:44:41,340][lightning][INFO] - reference : афина когда перестал существовать саманиды
[2022-11-01 10:44:41,341][lightning][INFO] - prediction:  
[2022-11-01 10:44:43,091][lightning][INFO] - reference : афина из за чего муха не падает со стены
[2022-11-01 10:44:43,091][lightning][INFO] - prediction: 
[2022-11-01 10:44:44,765][lightning][INFO] - reference : сбер здравствуйте как подключить услугу бонусы спасибо
[2022-11-01 10:44:44,765][lightning][INFO] - prediction: 
[2022-11-01 10:44:46,362][lightning][INFO] - reference : афина поставь будильник на восемь утра
[2022-11-01 10:44:46,362][lightning][INFO] - prediction: 
[2022-11-01 10:44:47,843][lightning][INFO] - reference : сбер выведи мне адреса банкоматов сбербанка
[2022-11-01 10:44:47,843][lightning][INFO] - prediction: 
[2022-11-01 10:44:49,114][lightning][INFO] - reference : афина чем занимается роснанотех
[2022-11-01 10:44:49,114][lightning][INFO] - prediction: 
[2022-11-01 10:44:50,467][lightning][INFO] - reference : джой какие болонки ты знаешь
[2022-11-01 10:44:50,468][lightning][INFO] - prediction: 
[2022-11-01 10:44:51,985][lightning][INFO] - reference : джой включи корнилич
[2022-11-01 10:44:51,985][lightning][INFO] - prediction: 
[2022-11-01 10:44:53,494][lightning][INFO] - reference : салют сводный отчет по картам
[2022-11-01 10:44:53,494][lightning][INFO] - prediction: 
[2022-11-01 10:44:55,008][lightning][INFO] - reference : сбер ужасы стивена спилберга
[2022-11-01 10:44:55,008][lightning][INFO] - prediction: 
[2022-11-01 10:44:56,494][lightning][INFO] - reference : сбер сделай пополнение телефона на двести рублей
[2022-11-01 10:44:56,495][lightning][INFO] - prediction: 
[2022-11-01 10:44:58,235][lightning][INFO] - reference : афина а есть информация по погоде в городе мышкин
[2022-11-01 10:44:58,235][lightning][INFO] - prediction: 
[2022-11-01 10:44:59,802][lightning][INFO] - reference : яркость освещения на веранде нужно увеличить на двадцать пять процентов
[2022-11-01 10:44:59,802][lightning][INFO] - prediction: 
[2022-11-01 10:45:01,230][lightning][INFO] - reference : сбер по какой причине мне пришло отказ по кредиту
[2022-11-01 10:45:01,230][lightning][INFO] - prediction: 
[2022-11-01 10:45:02,765][lightning][INFO] - reference : сбер что за регион оплаты
[2022-11-01 10:45:02,765][lightning][INFO] - prediction: 
[2022-11-01 10:45:04,580][lightning][INFO] - reference : салют что такое острова кука
[2022-11-01 10:45:04,580][lightning][INFO] - prediction: 
[2022-11-01 10:45:06,162][lightning][INFO] - reference : джой фильм про шварценеггера терминатор
[2022-11-01 10:45:06,162][lightning][INFO] - prediction: 
[2022-11-01 10:45:07,905][lightning][INFO] - reference : джой могу поменять офис получения карты
[2022-11-01 10:45:07,905][lightning][INFO] - prediction: 
[2022-11-01 10:45:09,528][lightning][INFO] - reference : джой давно пора
[2022-11-01 10:45:09,528][lightning][INFO] - prediction: 
[2022-11-01 10:45:10,946][lightning][INFO] - reference : афина для чего нужна финансовая аналитика
[2022-11-01 10:45:10,946][lightning][INFO] - prediction: 
[2022-11-01 10:45:12,280][lightning][INFO] - reference : джой пропали карты
[2022-11-01 10:45:12,281][lightning][INFO] - prediction: 
[2022-11-01 10:45:13,787][lightning][INFO] - reference : джой вруби мое музло
[2022-11-01 10:45:13,787][lightning][INFO] - prediction: 
[2022-11-01 10:45:15,393][lightning][INFO] - reference : сбер когда начался сербский договор
[2022-11-01 10:45:15,393][lightning][INFO] - prediction: 
[2022-11-01 10:45:16,875][lightning][INFO] - reference : салют здравствуйте есть ли деньги у меня на счете
[2022-11-01 10:45:16,875][lightning][INFO] - prediction: 
[2022-11-01 10:45:18,263][lightning][INFO] - reference : салют как часто можно выходить на ули
[2022-11-01 10:45:18,263][lightning][INFO] - prediction: 
[2022-11-01 10:45:19,769][lightning][INFO] - reference : сбер что тебе известно
[2022-11-01 10:45:19,770][lightning][INFO] - prediction: 
[2022-11-01 10:45:21,126][lightning][INFO] - reference : салют перекинь ка деньги а то баланс на сотовом телефоне кончился
[2022-11-01 10:45:21,126][lightning][INFO] - prediction: 
[2022-11-01 10:45:22,574][lightning][INFO] - reference : афина оплата связи второй номер
[2022-11-01 10:45:22,575][lightning][INFO] - prediction: 
[2022-11-01 10:45:24,100][lightning][INFO] - reference : афина какими навыками знаниями и качествами должен обладать современный мужчина чтобы быть капитальным красавчиком
[2022-11-01 10:45:24,100][lightning][INFO] - prediction: 
[2022-11-01 10:45:25,468][lightning][INFO] - reference : сбер что будет если меня поймают с наркотиками а я скажу что нашел их и хочу сдать
[2022-11-01 10:45:25,468][lightning][INFO] - prediction: 
