[2022-11-01 14:30:37,077][lightning][INFO] - reference : джой хватит
[2022-11-01 14:30:37,077][lightning][INFO] - prediction: щпкпкпкпкщкщк
[2022-11-01 14:30:37,160][lightning][INFO] - reference : джой надоел
[2022-11-01 14:30:37,160][lightning][INFO] - prediction: щкщкпщпщкщкщкщк
[2022-11-01 14:30:42,550][lightning][INFO] - reference : афина организуй мне запись к моему парикмахеру на этой неделе
[2022-11-01 14:30:42,550][lightning][INFO] - prediction: н ба рафа ашанрнрнрнрн нрнрнрнрнрнрнрнрнрнрнрнрнрнрнрнрнанрнрн н нрэ рнрнрнр нрбрэанрврбн нрэ р бвэшыб зр рчбэа рэр р р рбр шр р рвблр р бэбрэмы эч рбрэ рбэв ш э мрэ р эбы цэкьабр ьб ю р з ычб  э э рбра эв йьрэ э рэ вр рэ раэ шэб р э э ч в вр р э э рб э р вр эрэ брзбрэрй рэбрэшэв афр э
[2022-11-01 14:30:44,411][lightning][INFO] - reference : джой скажи а у тебя есть девушка
[2022-11-01 14:30:44,411][lightning][INFO] - prediction: нн
[2022-11-01 14:30:46,008][lightning][INFO] - reference : джой почему у некоторых людей нормальная улыбка а у некоторых очень сильно видны верхние десны
[2022-11-01 14:30:46,008][lightning][INFO] - prediction:   н н        
[2022-11-01 14:30:47,847][lightning][INFO] - reference : сбер здравствуйте сегодня работает банк на гамзатова шестьдесят четыре
[2022-11-01 14:30:47,847][lightning][INFO] - prediction: н
[2022-11-01 14:30:49,681][lightning][INFO] - reference : афина отключить таймер
[2022-11-01 14:30:49,682][lightning][INFO] - prediction: 
[2022-11-01 14:30:51,380][lightning][INFO] - reference : афина когда перестал существовать саманиды
[2022-11-01 14:30:51,380][lightning][INFO] - prediction: 
[2022-11-01 14:30:53,579][lightning][INFO] - reference : афина из за чего муха не падает со стены
[2022-11-01 14:30:53,579][lightning][INFO] - prediction: 
[2022-11-01 14:30:55,375][lightning][INFO] - reference : сбер здравствуйте как подключить услугу бонусы спасибо
[2022-11-01 14:30:55,376][lightning][INFO] - prediction: 
[2022-11-01 14:30:57,315][lightning][INFO] - reference : афина поставь будильник на восемь утра
[2022-11-01 14:30:57,315][lightning][INFO] - prediction: 
[2022-11-01 14:30:59,046][lightning][INFO] - reference : сбер выведи мне адреса банкоматов сбербанка
[2022-11-01 14:30:59,046][lightning][INFO] - prediction: 
[2022-11-01 14:31:00,509][lightning][INFO] - reference : афина чем занимается роснанотех
[2022-11-01 14:31:00,509][lightning][INFO] - prediction: 
[2022-11-01 14:31:02,150][lightning][INFO] - reference : джой какие болонки ты знаешь
[2022-11-01 14:31:02,150][lightning][INFO] - prediction: 
[2022-11-01 14:31:03,871][lightning][INFO] - reference : джой включи корнилич
[2022-11-01 14:31:03,871][lightning][INFO] - prediction: 
[2022-11-01 14:31:05,852][lightning][INFO] - reference : салют сводный отчет по картам
[2022-11-01 14:31:05,853][lightning][INFO] - prediction: 
[2022-11-01 14:31:07,743][lightning][INFO] - reference : сбер ужасы стивена спилберга
[2022-11-01 14:31:07,743][lightning][INFO] - prediction: 
[2022-11-01 14:31:10,164][lightning][INFO] - reference : сбер сделай пополнение телефона на двести рублей
[2022-11-01 14:31:10,165][lightning][INFO] - prediction: 
[2022-11-01 14:31:12,440][lightning][INFO] - reference : афина а есть информация по погоде в городе мышкин
[2022-11-01 14:31:12,440][lightning][INFO] - prediction: 
[2022-11-01 14:31:14,318][lightning][INFO] - reference : яркость освещения на веранде нужно увеличить на двадцать пять процентов
[2022-11-01 14:31:14,318][lightning][INFO] - prediction: 
[2022-11-01 14:31:16,234][lightning][INFO] - reference : сбер по какой причине мне пришло отказ по кредиту
[2022-11-01 14:31:16,234][lightning][INFO] - prediction: 
[2022-11-01 14:31:18,036][lightning][INFO] - reference : сбер что за регион оплаты
[2022-11-01 14:31:18,036][lightning][INFO] - prediction: 
[2022-11-01 14:31:20,284][lightning][INFO] - reference : салют что такое острова кука
[2022-11-01 14:31:20,284][lightning][INFO] - prediction: 
[2022-11-01 14:31:22,199][lightning][INFO] - reference : джой фильм про шварценеггера терминатор
[2022-11-01 14:31:22,199][lightning][INFO] - prediction: 
[2022-11-01 14:31:24,498][lightning][INFO] - reference : джой могу поменять офис получения карты
[2022-11-01 14:31:24,498][lightning][INFO] - prediction: 
[2022-11-01 14:31:26,575][lightning][INFO] - reference : джой давно пора
[2022-11-01 14:31:26,575][lightning][INFO] - prediction: 
[2022-11-01 14:31:28,532][lightning][INFO] - reference : афина для чего нужна финансовая аналитика
[2022-11-01 14:31:28,532][lightning][INFO] - prediction: 
[2022-11-01 14:31:30,464][lightning][INFO] - reference : джой пропали карты
[2022-11-01 14:31:30,464][lightning][INFO] - prediction: 
[2022-11-01 14:31:32,395][lightning][INFO] - reference : джой вруби мое музло
[2022-11-01 14:31:32,395][lightning][INFO] - prediction: 
[2022-11-01 14:31:34,324][lightning][INFO] - reference : сбер когда начался сербский договор
[2022-11-01 14:31:34,324][lightning][INFO] - prediction: 
[2022-11-01 14:31:36,348][lightning][INFO] - reference : салют здравствуйте есть ли деньги у меня на счете
[2022-11-01 14:31:36,349][lightning][INFO] - prediction: 
[2022-11-01 14:31:38,160][lightning][INFO] - reference : салют как часто можно выходить на ули
[2022-11-01 14:31:38,161][lightning][INFO] - prediction: 
[2022-11-01 14:31:40,202][lightning][INFO] - reference : сбер что тебе известно
[2022-11-01 14:31:40,202][lightning][INFO] - prediction: 
[2022-11-01 14:31:41,896][lightning][INFO] - reference : салют перекинь ка деньги а то баланс на сотовом телефоне кончился
[2022-11-01 14:31:41,896][lightning][INFO] - prediction: 
[2022-11-01 14:31:43,682][lightning][INFO] - reference : афина оплата связи второй номер
[2022-11-01 14:31:43,683][lightning][INFO] - prediction: 
[2022-11-01 14:31:45,522][lightning][INFO] - reference : афина какими навыками знаниями и качествами должен обладать современный мужчина чтобы быть капитальным красавчиком
[2022-11-01 14:31:45,522][lightning][INFO] - prediction: 
[2022-11-01 14:31:47,274][lightning][INFO] - reference : сбер что будет если меня поймают с наркотиками а я скажу что нашел их и хочу сдать
[2022-11-01 14:31:47,274][lightning][INFO] - prediction: 
[2022-11-01 14:31:48,839][lightning][INFO] - reference : салют перевыпустите карту московского региона
[2022-11-01 14:31:48,839][lightning][INFO] - prediction: 
[2022-11-01 14:31:50,712][lightning][INFO] - reference : афина как учился базаров александр
[2022-11-01 14:31:50,712][lightning][INFO] - prediction: 
[2022-11-01 14:31:52,662][lightning][INFO] - reference : сбер баланс на карте сорок восемь двадцать пять последние четыре цифры
[2022-11-01 14:31:52,662][lightning][INFO] - prediction: 
[2022-11-01 14:31:54,258][lightning][INFO] - reference : сбер много разговариваешь и все не по делу
[2022-11-01 14:31:54,259][lightning][INFO] - prediction: 
[2022-11-01 14:31:55,762][lightning][INFO] - reference : афина покажи телевизионный канал матч тв
[2022-11-01 14:31:55,762][lightning][INFO] - prediction: 
[2022-11-01 14:31:57,756][lightning][INFO] - reference : джой как расплачиваться в бельгии
[2022-11-01 14:31:57,757][lightning][INFO] - prediction: 
[2022-11-01 14:31:59,361][lightning][INFO] - reference : джой какие виды черное лето ты знаешь
[2022-11-01 14:31:59,362][lightning][INFO] - prediction: 
[2022-11-01 14:32:01,155][lightning][INFO] - reference : афина шутки про нападение
[2022-11-01 14:32:01,155][lightning][INFO] - prediction: 
[2022-11-01 14:32:03,052][lightning][INFO] - reference : сколько стоит один евро в рублях
[2022-11-01 14:32:03,052][lightning][INFO] - prediction: 
[2022-11-01 14:32:05,246][lightning][INFO] - reference : афина где было восстание разина
[2022-11-01 14:32:05,246][lightning][INFO] - prediction: 
[2022-11-01 14:32:07,123][lightning][INFO] - reference : афина заплатить за владимир водоканал
[2022-11-01 14:32:07,124][lightning][INFO] - prediction: с
[2022-11-01 14:32:09,062][lightning][INFO] - reference : салют какие каких защитников животных ты знаешь
[2022-11-01 14:32:09,063][lightning][INFO] - prediction: с
[2022-11-01 14:32:10,805][lightning][INFO] - reference : джой отметь что этот трек не катит
[2022-11-01 14:32:10,806][lightning][INFO] - prediction: с
[2022-11-01 14:32:13,069][lightning][INFO] - reference : сбер в чем заключается уникальность продукта тинькова и почему они им так гордятся
[2022-11-01 14:32:13,069][lightning][INFO] - prediction: с
[2022-11-01 14:32:14,993][lightning][INFO] - reference : салют покажи где есть банкоматы
[2022-11-01 14:32:14,993][lightning][INFO] - prediction: с
[2022-11-01 14:32:16,558][lightning][INFO] - reference : салют вперед на пятнадцать минут
[2022-11-01 14:32:16,559][lightning][INFO] - prediction: с
[2022-11-01 14:32:18,127][lightning][INFO] - reference : салют оформить кредит на выгодных условиях
[2022-11-01 14:32:18,127][lightning][INFO] - prediction: с
[2022-11-01 14:32:20,104][lightning][INFO] - reference : сбер какие координаты у штаб квартиры оон
[2022-11-01 14:32:20,104][lightning][INFO] - prediction: с
[2022-11-01 14:32:21,947][lightning][INFO] - reference : афина проиграй диско
[2022-11-01 14:32:21,947][lightning][INFO] - prediction: а
[2022-11-01 14:32:23,704][lightning][INFO] - reference : джой есть дети у ольги юрьевны
[2022-11-01 14:32:23,704][lightning][INFO] - prediction: с
[2022-11-01 14:32:25,555][lightning][INFO] - reference : салют включи всеволода фиалковского
[2022-11-01 14:32:25,555][lightning][INFO] - prediction: са
[2022-11-01 14:32:27,640][lightning][INFO] - reference : сбер перевести маме на карту сотню
[2022-11-01 14:32:27,640][lightning][INFO] - prediction: с
[2022-11-01 14:32:29,326][lightning][INFO] - reference : сбер машке триста рублей перекинь пожалуйста
[2022-11-01 14:32:29,326][lightning][INFO] - prediction: с
[2022-11-01 14:32:31,527][lightning][INFO] - reference : джой установить будильник как сегодня
[2022-11-01 14:32:31,527][lightning][INFO] - prediction: с
[2022-11-01 14:32:33,434][lightning][INFO] - reference : джой страна сталининградской военной школы летчиков
[2022-11-01 14:32:33,434][lightning][INFO] - prediction: са
