[2022-11-01 10:45:50,836][lightning][INFO] - reference : джой хватит
[2022-11-01 10:45:50,836][lightning][INFO] - prediction: ф
[2022-11-01 10:45:50,903][lightning][INFO] - reference : джой надоел
[2022-11-01 10:45:50,903][lightning][INFO] - prediction: ф
[2022-11-01 10:45:55,038][lightning][INFO] - reference : афина организуй мне запись к моему парикмахеру на этой неделе
[2022-11-01 10:45:55,038][lightning][INFO] - prediction: юы юрфюфъфаф сфъюдюрфю фрюзяуфюмюз кфзмрюрюрзараыфзрзязрюрюрфзюзрзрзюрзюзрзюзрзрзрзрзрзрзрзрзрюрзырузрзрзризрюзрзрзрзфзюкзрзрзюрзрфрзрзмузрзрзрзрзрузрзруюрзюрзюразуазюзрюзрзъюазрфзрюшюзюзрзърюзюрзюрзюрзрзрзфзрзрзрзрзаюрюрзюрзрзфюзрзрзрзрюзрзрзрзрзрзрзрзрзрзрзрзрзрмрюрср рюрузюз
[2022-11-01 10:45:56,585][lightning][INFO] - reference : джой скажи а у тебя есть девушка
[2022-11-01 10:45:56,585][lightning][INFO] - prediction: рррраааа
[2022-11-01 10:45:57,830][lightning][INFO] - reference : джой почему у некоторых людей нормальная улыбка а у некоторых очень сильно видны верхние десны
[2022-11-01 10:45:57,831][lightning][INFO] - prediction: ррррза
[2022-11-01 10:45:59,452][lightning][INFO] - reference : сбер здравствуйте сегодня работает банк на гамзатова шестьдесят четыре
[2022-11-01 10:45:59,452][lightning][INFO] - prediction: р
[2022-11-01 10:46:00,915][lightning][INFO] - reference : афина отключить таймер
[2022-11-01 10:46:00,915][lightning][INFO] - prediction: 
[2022-11-01 10:46:02,371][lightning][INFO] - reference : афина когда перестал существовать саманиды
[2022-11-01 10:46:02,371][lightning][INFO] - prediction: 
[2022-11-01 10:46:04,131][lightning][INFO] - reference : афина из за чего муха не падает со стены
[2022-11-01 10:46:04,132][lightning][INFO] - prediction: 
[2022-11-01 10:46:05,785][lightning][INFO] - reference : сбер здравствуйте как подключить услугу бонусы спасибо
[2022-11-01 10:46:05,785][lightning][INFO] - prediction: р
[2022-11-01 10:46:07,228][lightning][INFO] - reference : афина поставь будильник на восемь утра
[2022-11-01 10:46:07,228][lightning][INFO] - prediction: 
[2022-11-01 10:46:08,635][lightning][INFO] - reference : сбер выведи мне адреса банкоматов сбербанка
[2022-11-01 10:46:08,635][lightning][INFO] - prediction: р
[2022-11-01 10:46:09,878][lightning][INFO] - reference : афина чем занимается роснанотех
[2022-11-01 10:46:09,878][lightning][INFO] - prediction: р
[2022-11-01 10:46:11,284][lightning][INFO] - reference : джой какие болонки ты знаешь
[2022-11-01 10:46:11,284][lightning][INFO] - prediction: 
[2022-11-01 10:46:12,746][lightning][INFO] - reference : джой включи корнилич
[2022-11-01 10:46:12,746][lightning][INFO] - prediction: 
[2022-11-01 10:46:14,252][lightning][INFO] - reference : салют сводный отчет по картам
[2022-11-01 10:46:14,252][lightning][INFO] - prediction: 
[2022-11-01 10:46:15,619][lightning][INFO] - reference : сбер ужасы стивена спилберга
[2022-11-01 10:46:15,619][lightning][INFO] - prediction: р
[2022-11-01 10:46:17,173][lightning][INFO] - reference : сбер сделай пополнение телефона на двести рублей
[2022-11-01 10:46:17,173][lightning][INFO] - prediction: 
[2022-11-01 10:46:19,167][lightning][INFO] - reference : афина а есть информация по погоде в городе мышкин
[2022-11-01 10:46:19,168][lightning][INFO] - prediction: 
[2022-11-01 10:46:20,675][lightning][INFO] - reference : яркость освещения на веранде нужно увеличить на двадцать пять процентов
[2022-11-01 10:46:20,675][lightning][INFO] - prediction: 
[2022-11-01 10:46:22,007][lightning][INFO] - reference : сбер по какой причине мне пришло отказ по кредиту
[2022-11-01 10:46:22,007][lightning][INFO] - prediction: 
[2022-11-01 10:46:23,550][lightning][INFO] - reference : сбер что за регион оплаты
[2022-11-01 10:46:23,550][lightning][INFO] - prediction: 
[2022-11-01 10:46:25,185][lightning][INFO] - reference : салют что такое острова кука
[2022-11-01 10:46:25,185][lightning][INFO] - prediction: 
[2022-11-01 10:46:26,828][lightning][INFO] - reference : джой фильм про шварценеггера терминатор
[2022-11-01 10:46:26,828][lightning][INFO] - prediction: 
[2022-11-01 10:46:28,414][lightning][INFO] - reference : джой могу поменять офис получения карты
[2022-11-01 10:46:28,414][lightning][INFO] - prediction: 
[2022-11-01 10:46:30,049][lightning][INFO] - reference : джой давно пора
[2022-11-01 10:46:30,049][lightning][INFO] - prediction: 
[2022-11-01 10:46:31,479][lightning][INFO] - reference : афина для чего нужна финансовая аналитика
[2022-11-01 10:46:31,479][lightning][INFO] - prediction: 
[2022-11-01 10:46:32,753][lightning][INFO] - reference : джой пропали карты
[2022-11-01 10:46:32,753][lightning][INFO] - prediction: 
[2022-11-01 10:46:34,213][lightning][INFO] - reference : джой вруби мое музло
[2022-11-01 10:46:34,213][lightning][INFO] - prediction: 
[2022-11-01 10:46:35,813][lightning][INFO] - reference : сбер когда начался сербский договор
[2022-11-01 10:46:35,813][lightning][INFO] - prediction: 
[2022-11-01 10:46:37,276][lightning][INFO] - reference : салют здравствуйте есть ли деньги у меня на счете
[2022-11-01 10:46:37,276][lightning][INFO] - prediction: 
[2022-11-01 10:46:38,703][lightning][INFO] - reference : салют как часто можно выходить на ули
[2022-11-01 10:46:38,703][lightning][INFO] - prediction: 
[2022-11-01 10:46:40,095][lightning][INFO] - reference : сбер что тебе известно
[2022-11-01 10:46:40,095][lightning][INFO] - prediction: 
[2022-11-01 10:46:41,455][lightning][INFO] - reference : салют перекинь ка деньги а то баланс на сотовом телефоне кончился
[2022-11-01 10:46:41,456][lightning][INFO] - prediction: 
[2022-11-01 10:46:42,850][lightning][INFO] - reference : афина оплата связи второй номер
[2022-11-01 10:46:42,850][lightning][INFO] - prediction: 
[2022-11-01 10:46:44,386][lightning][INFO] - reference : афина какими навыками знаниями и качествами должен обладать современный мужчина чтобы быть капитальным красавчиком
[2022-11-01 10:46:44,386][lightning][INFO] - prediction: 
[2022-11-01 10:46:45,710][lightning][INFO] - reference : сбер что будет если меня поймают с наркотиками а я скажу что нашел их и хочу сдать
[2022-11-01 10:46:45,710][lightning][INFO] - prediction: 
[2022-11-01 10:46:47,029][lightning][INFO] - reference : салют перевыпустите карту московского региона
[2022-11-01 10:46:47,029][lightning][INFO] - prediction: 
[2022-11-01 10:46:48,325][lightning][INFO] - reference : афина как учился базаров александр
[2022-11-01 10:46:48,325][lightning][INFO] - prediction: 
[2022-11-01 10:46:49,921][lightning][INFO] - reference : сбер баланс на карте сорок восемь двадцать пять последние четыре цифры
[2022-11-01 10:46:49,921][lightning][INFO] - prediction: 
[2022-11-01 10:46:51,273][lightning][INFO] - reference : афида последний перевод на пятьсот рублей можно узнать данные карты
[2022-11-01 10:46:51,273][lightning][INFO] - prediction: 
[2022-11-01 10:46:52,525][lightning][INFO] - reference : афина не хочу разговаривать в тишине фильм смотрю
[2022-11-01 10:46:52,525][lightning][INFO] - prediction: 
[2022-11-01 10:46:53,895][lightning][INFO] - reference : джой перевести тысячу рублей другу
[2022-11-01 10:46:53,895][lightning][INFO] - prediction: 
[2022-11-01 10:46:55,286][lightning][INFO] - reference : салют будильник на пятнадцать пятнадцать в среду
[2022-11-01 10:46:55,286][lightning][INFO] - prediction: 
[2022-11-01 10:46:56,563][lightning][INFO] - reference : кто продюсер андалузский пес
[2022-11-01 10:46:56,563][lightning][INFO] - prediction: 
[2022-11-01 10:46:58,005][lightning][INFO] - reference : салют какие иерусалимский синдром ты знаешь
[2022-11-01 10:46:58,005][lightning][INFO] - prediction: 
[2022-11-01 10:46:59,480][lightning][INFO] - reference : афина подожди с музыкой
[2022-11-01 10:46:59,481][lightning][INFO] - prediction: 
[2022-11-01 10:47:01,092][lightning][INFO] - reference : сбер перемотай на пятнадцать минут назад я не успел приготовить кофе
[2022-11-01 10:47:01,092][lightning][INFO] - prediction: 
[2022-11-01 10:47:02,592][lightning][INFO] - reference : сбер сколько денег на моей кредитной карте
[2022-11-01 10:47:02,592][lightning][INFO] - prediction: 
[2022-11-01 10:47:04,007][lightning][INFO] - reference : джой ты в настоящее время влюблена в кого нибудь
[2022-11-01 10:47:04,008][lightning][INFO] - prediction: 
[2022-11-01 10:47:05,649][lightning][INFO] - reference : афина номер телефона банка
[2022-11-01 10:47:05,650][lightning][INFO] - prediction: 
[2022-11-01 10:47:07,082][lightning][INFO] - reference : сбер по какому курсу можно обменять тысячу долларов на рубли
[2022-11-01 10:47:07,083][lightning][INFO] - prediction: 
[2022-11-01 10:47:08,487][lightning][INFO] - reference : сбер сколько будет корень из сорока
[2022-11-01 10:47:08,488][lightning][INFO] - prediction: 
[2022-11-01 10:47:09,791][lightning][INFO] - reference : сбер просьба добавить яркость освещения
[2022-11-01 10:47:09,792][lightning][INFO] - prediction: 
[2022-11-01 10:47:11,223][lightning][INFO] - reference : афина озвучь баланс карты сбербанк
[2022-11-01 10:47:11,223][lightning][INFO] - prediction: 
[2022-11-01 10:47:12,661][lightning][INFO] - reference : салют как заработать в интернете студенту быстро и без обмана
[2022-11-01 10:47:12,661][lightning][INFO] - prediction: 
[2022-11-01 10:47:14,010][lightning][INFO] - reference : джой есть ли у бурика вредные привычки
[2022-11-01 10:47:14,010][lightning][INFO] - prediction: 
[2022-11-01 10:47:15,510][lightning][INFO] - reference : джой включи томаса
[2022-11-01 10:47:15,511][lightning][INFO] - prediction: 
[2022-11-01 10:47:16,955][lightning][INFO] - reference : афина покажи мне таймер на телефоне
[2022-11-01 10:47:16,956][lightning][INFO] - prediction: 
[2022-11-01 10:47:18,412][lightning][INFO] - reference : сбер какая валюта используется в дагестане
[2022-11-01 10:47:18,412][lightning][INFO] - prediction: 
[2022-11-01 10:47:19,891][lightning][INFO] - reference : салют здравствуйте когда я смогу прийти за своей картой
[2022-11-01 10:47:19,891][lightning][INFO] - prediction: 
[2022-11-01 10:47:21,542][lightning][INFO] - reference : можно обойти как то этот запрет
[2022-11-01 10:47:21,542][lightning][INFO] - prediction: 
