[2022-11-01 10:55:57,511][lightning][INFO] - reference : джой хватит
[2022-11-01 10:55:57,512][lightning][INFO] - prediction: йюйюйюйюйю
[2022-11-01 10:55:57,585][lightning][INFO] - reference : джой надоел
[2022-11-01 10:55:57,586][lightning][INFO] - prediction: йюйюйюйюйюйю
[2022-11-01 10:56:01,615][lightning][INFO] - reference : афина организуй мне запись к моему парикмахеру на этой неделе
[2022-11-01 10:56:01,615][lightning][INFO] - prediction:  ааацооооаоюоаоаомоаоюоаоаооъамоаодоаоюочоамопоюцоцохшамавонаоюсо зоал оыоюуаоаокгцоаокхоаоагаоаоацаоюаоваоаоаоаыокаоаоатюшлсеьаойоюоаоъоыаоаооаъаоэоаозоао оа оооаооооцойюоаолоао
[2022-11-01 10:56:03,192][lightning][INFO] - reference : джой скажи а у тебя есть девушка
[2022-11-01 10:56:03,193][lightning][INFO] - prediction: ооо
[2022-11-01 10:56:04,448][lightning][INFO] - reference : джой почему у некоторых людей нормальная улыбка а у некоторых очень сильно видны верхние десны
[2022-11-01 10:56:04,448][lightning][INFO] - prediction: оо 
[2022-11-01 10:56:06,113][lightning][INFO] - reference : сбер здравствуйте сегодня работает банк на гамзатова шестьдесят четыре
[2022-11-01 10:56:06,113][lightning][INFO] - prediction: о
[2022-11-01 10:56:07,581][lightning][INFO] - reference : афина отключить таймер
[2022-11-01 10:56:07,581][lightning][INFO] - prediction: 
[2022-11-01 10:56:09,037][lightning][INFO] - reference : афина когда перестал существовать саманиды
[2022-11-01 10:56:09,037][lightning][INFO] - prediction: 
[2022-11-01 10:56:10,805][lightning][INFO] - reference : афина из за чего муха не падает со стены
[2022-11-01 10:56:10,805][lightning][INFO] - prediction: 
[2022-11-01 10:56:12,429][lightning][INFO] - reference : сбер здравствуйте как подключить услугу бонусы спасибо
[2022-11-01 10:56:12,429][lightning][INFO] - prediction: 
[2022-11-01 10:56:13,843][lightning][INFO] - reference : афина поставь будильник на восемь утра
[2022-11-01 10:56:13,843][lightning][INFO] - prediction: 
[2022-11-01 10:56:15,531][lightning][INFO] - reference : сбер выведи мне адреса банкоматов сбербанка
[2022-11-01 10:56:15,531][lightning][INFO] - prediction: 
[2022-11-01 10:56:16,761][lightning][INFO] - reference : афина чем занимается роснанотех
[2022-11-01 10:56:16,761][lightning][INFO] - prediction: 
[2022-11-01 10:56:18,252][lightning][INFO] - reference : джой какие болонки ты знаешь
[2022-11-01 10:56:18,252][lightning][INFO] - prediction: 
